development
.
.
.
.
.
.
.
.
.
.
.
.
.
.
.
.
.
.
.
.
.
.
.
.
.
.
.
.
.
.
.
.
.
development
1
2
3
4
5
6
7
8
9
10
11
12
13
14
15
16
17
There is an exception. Probably the picture link is invalid
404 Not found
18
19
20
21
22
23
24
There is an exception. Probably the picture link is invalid
404 Not found
25
26
27
28
29
30
31
32
33
34
35
36
37
38
39
40
There is an exception. Probably the picture link is invalid
404 Not found
41
42
43
44
45
There is an exception. Probably the picture link is invalid
404 Not found
46
47
48
goal instance 0
goal id = 42 user id = 18
goal instance 1
goal id = 39 user id = 16
goal instance 2
goal id = 28 user id = 1
goal instance 3
goal id = 24 user id = 10
goal instance 4
goal id = 38 user id = 6
goal instance 5
goal id = 30 user id = 31
goal instance 6
goal id = 21 user id = 27
goal instance 7
goal id = 43 user id = 22
goal instance 8
goal id = 4 user id = 21
goal instance 9
goal id = 22 user id = 25
goal instance 10
goal id = 47 user id = 32
goal instance 11
goal id = 15 user id = 0
goal instance 12
goal id = 33 user id = 21
goal instance 13
goal id = 38 user id = 21
goal instance 14
goal id = 33 user id = 9
goal instance 15
goal id = 45 user id = 23
goal instance 16
goal id = 37 user id = 19
goal instance 17
goal id = 20 user id = 9
goal instance 18
goal id = 47 user id = 7
goal instance 19
goal id = 26 user id = 17
goal instance 20
goal id = 38 user id = 19
goal instance 21
goal id = 12 user id = 20
goal instance 22
goal id = 4 user id = 11
goal instance 23
goal id = 0 user id = 3
goal instance 24
goal id = 41 user id = 32
goal instance 25
goal id = 14 user id = 13
goal instance 26
goal id = 23 user id = 18
goal instance 27
goal id = 34 user id = 29
goal instance 28
goal id = 3 user id = 6
goal instance 29
goal id = 32 user id = 20
goal instance 30
goal id = 13 user id = 24
goal instance 31
goal id = 15 user id = 16
goal instance 32
goal id = 44 user id = 25
goal instance 33
goal id = 17 user id = 18
goal instance 34
goal id = 44 user id = 0
goal instance 35
goal id = 23 user id = 5
goal instance 36
goal id = 39 user id = 19
goal instance 37
goal id = 18 user id = 21
goal instance 38
goal id = 30 user id = 1
goal instance 39
goal id = 7 user id = 10
goal instance 40
goal id = 43 user id = 13
goal instance 41
goal id = 38 user id = 29
goal instance 42
goal id = 34 user id = 23
goal instance 43
goal id = 4 user id = 14
goal instance 44
goal id = 11 user id = 30
goal instance 45
goal id = 13 user id = 21
goal instance 46
goal id = 9 user id = 0
goal instance 47
goal id = 21 user id = 24
goal instance 48
goal id = 1 user id = 2
goal instance 49
goal id = 42 user id = 9
goal instance 50
goal id = 28 user id = 12
goal instance 51
goal id = 10 user id = 25
goal instance 52
goal id = 25 user id = 8
goal instance 53
goal id = 36 user id = 15
goal instance 54
goal id = 25 user id = 18
goal instance 55
goal id = 46 user id = 29
goal instance 56
goal id = 45 user id = 25
goal instance 57
goal id = 29 user id = 7
goal instance 58
goal id = 33 user id = 4
goal instance 59
goal id = 40 user id = 21
goal instance 60
goal id = 31 user id = 32
goal instance 61
goal id = 3 user id = 21
goal instance 62
goal id = 46 user id = 8
goal instance 63
goal id = 15 user id = 12
goal instance 64
goal id = 2 user id = 0
goal instance 65
goal id = 3 user id = 16
goal instance 66
goal id = 26 user id = 27
goal instance 67
goal id = 37 user id = 2
goal instance 68
goal id = 30 user id = 22
goal instance 69
goal id = 16 user id = 23
goal instance 70
goal id = 36 user id = 11
goal instance 71
goal id = 28 user id = 10
goal instance 72
goal id = 40 user id = 0
goal instance 73
goal id = 39 user id = 21
goal instance 74
goal id = 25 user id = 24
goal instance 75
goal id = 43 user id = 19
goal instance 76
goal id = 6 user id = 30
goal instance 77
goal id = 11 user id = 21
goal instance 78
goal id = 19 user id = 22
goal instance 79
goal id = 6 user id = 17
goal instance 80
goal id = 43 user id = 6
goal instance 81
goal id = 45 user id = 19
goal instance 82
goal id = 4 user id = 26
goal instance 83
goal id = 37 user id = 9
goal instance 84
goal id = 32 user id = 11
goal instance 85
goal id = 34 user id = 3
goal instance 86
goal id = 32 user id = 20
goal instance 87
goal id = 17 user id = 29
goal instance 88
goal id = 18 user id = 28
goal instance 89
goal id = 18 user id = 28
goal instance 90
goal id = 9 user id = 19
goal instance 91
goal id = 30 user id = 10
goal instance 92
goal id = 18 user id = 10
goal instance 93
goal id = 32 user id = 4
goal instance 94
goal id = 2 user id = 18
goal instance 95
goal id = 35 user id = 11
goal instance 96
goal id = 4 user id = 9
goal instance 97
goal id = 22 user id = 0
goal instance 98
goal id = 13 user id = 7
goal instance 99
goal id = 10 user id = 2
goal instance 100
goal id = 43 user id = 0
goal instance 101
goal id = 13 user id = 24
goal instance 102
goal id = 10 user id = 29
goal instance 103
goal id = 19 user id = 2
goal instance 104
goal id = 17 user id = 1
goal instance 105
goal id = 37 user id = 29
goal instance 106
goal id = 11 user id = 13
goal instance 107
goal id = 13 user id = 6
goal instance 108
goal id = 45 user id = 12
goal instance 109
goal id = 28 user id = 23
goal instance 110
goal id = 26 user id = 27
goal instance 111
goal id = 31 user id = 17
goal instance 112
goal id = 38 user id = 17
goal instance 113
goal id = 35 user id = 14
goal instance 114
goal id = 23 user id = 17
goal instance 115
goal id = 8 user id = 4
goal instance 116
goal id = 44 user id = 26
goal instance 117
goal id = 6 user id = 23
goal instance 118
goal id = 35 user id = 11
goal instance 119
goal id = 11 user id = 2
goal instance 120
goal id = 34 user id = 1
goal instance 121
goal id = 41 user id = 16
goal instance 122
goal id = 3 user id = 23
goal instance 123
goal id = 31 user id = 3
goal instance 124
goal id = 46 user id = 23
goal instance 125
goal id = 16 user id = 30
goal instance 126
goal id = 42 user id = 30
goal instance 127
goal id = 41 user id = 16
goal instance 128
goal id = 8 user id = 16
goal instance 129
goal id = 31 user id = 20
goal instance 130
goal id = 32 user id = 14
goal instance 131
goal id = 25 user id = 26
goal instance 132
goal id = 15 user id = 11
goal instance 133
goal id = 11 user id = 13
goal instance 134
goal id = 5 user id = 9
goal instance 135
goal id = 31 user id = 21
goal instance 136
goal id = 9 user id = 8
goal instance 137
goal id = 26 user id = 4
goal instance 138
goal id = 30 user id = 12
goal instance 139
goal id = 16 user id = 29
goal instance 140
goal id = 28 user id = 20
goal instance 141
goal id = 43 user id = 7
goal instance 142
goal id = 35 user id = 6
goal instance 143
goal id = 28 user id = 21
goal instance 144
goal id = 25 user id = 3
goal instance 145
goal id = 4 user id = 24
goal instance 146
goal id = 23 user id = 6
goal instance 147
goal id = 26 user id = 13
goal instance 148
goal id = 43 user id = 6
goal instance 149
goal id = 40 user id = 31
goal instance 150
goal id = 19 user id = 20
goal instance 151
goal id = 9 user id = 27
goal instance 152
goal id = 6 user id = 24
goal instance 153
goal id = 11 user id = 21
goal instance 154
goal id = 22 user id = 19
goal instance 155
goal id = 15 user id = 3
goal instance 156
goal id = 8 user id = 27
goal instance 157
goal id = 40 user id = 10
goal instance 158
goal id = 5 user id = 18
goal instance 159
goal id = 10 user id = 21
goal instance 160
goal id = 34 user id = 2
goal instance 161
goal id = 34 user id = 25
goal instance 162
goal id = 15 user id = 22
goal instance 163
goal id = 36 user id = 21
goal instance 164
goal id = 23 user id = 0
goal instance 165
goal id = 35 user id = 21
goal instance 166
goal id = 36 user id = 6
goal instance 167
goal id = 46 user id = 24
goal instance 168
goal id = 24 user id = 11
goal instance 169
goal id = 32 user id = 24
goal instance 170
goal id = 1 user id = 21
goal instance 171
goal id = 27 user id = 6
goal instance 172
goal id = 25 user id = 31
goal instance 173
goal id = 0 user id = 13
goal instance 174
goal id = 20 user id = 21
goal instance 175
goal id = 30 user id = 18
goal instance 176
goal id = 29 user id = 4
goal instance 177
goal id = 43 user id = 24
goal instance 178
goal id = 13 user id = 26
goal instance 179
goal id = 7 user id = 26
goal instance 180
goal id = 4 user id = 8
goal instance 181
goal id = 13 user id = 26
goal instance 182
goal id = 19 user id = 8
goal instance 183
goal id = 7 user id = 28
goal instance 184
goal id = 5 user id = 21
goal instance 185
goal id = 42 user id = 25
goal instance 186
goal id = 15 user id = 0
goal instance 187
goal id = 45 user id = 8
goal instance 188
goal id = 29 user id = 12
goal instance 189
goal id = 5 user id = 0
goal instance 190
goal id = 6 user id = 16
goal instance 191
goal id = 24 user id = 31
goal instance 192
goal id = 21 user id = 11
goal instance 193
goal id = 11 user id = 14
goal instance 194
goal id = 10 user id = 1
goal instance 195
goal id = 39 user id = 27
goal instance 196
goal id = 28 user id = 21
goal instance 197
goal id = 1 user id = 17
goal instance 198
goal id = 34 user id = 27
goal instance 199
goal id = 17 user id = 29
goal instance 200
goal id = 26 user id = 9
goal instance 201
goal id = 45 user id = 15
goal instance 202
goal id = 3 user id = 19
goal instance 203
goal id = 23 user id = 0
goal instance 204
goal id = 17 user id = 32
goal instance 205
goal id = 45 user id = 6
goal instance 206
goal id = 10 user id = 2
goal instance 207
goal id = 38 user id = 0
goal instance 208
goal id = 4 user id = 29
goal instance 209
goal id = 44 user id = 16
goal instance 210
goal id = 41 user id = 29
goal instance 211
goal id = 27 user id = 8
goal instance 212
goal id = 2 user id = 16
goal instance 213
goal id = 39 user id = 31
goal instance 214
goal id = 38 user id = 16
goal instance 215
goal id = 23 user id = 14
goal instance 216
goal id = 29 user id = 9
goal instance 217
goal id = 18 user id = 1
goal instance 218
goal id = 36 user id = 20
goal instance 219
goal id = 40 user id = 4
goal instance 220
goal id = 10 user id = 12
goal instance 221
goal id = 43 user id = 29
goal instance 222
goal id = 0 user id = 0
goal instance 223
goal id = 47 user id = 8
goal instance 224
goal id = 31 user id = 4
goal instance 225
goal id = 47 user id = 19
goal instance 226
goal id = 1 user id = 30
goal instance 227
goal id = 31 user id = 7
goal instance 228
goal id = 22 user id = 25
goal instance 229
goal id = 0 user id = 21
goal instance 230
goal id = 47 user id = 7
goal instance 231
goal id = 38 user id = 6
goal instance 232
goal id = 36 user id = 23
goal instance 233
goal id = 26 user id = 29
goal instance 234
goal id = 10 user id = 11
goal instance 235
goal id = 37 user id = 12
goal instance 236
goal id = 33 user id = 3
goal instance 237
goal id = 5 user id = 6
goal instance 238
goal id = 21 user id = 13
goal instance 239
goal id = 0 user id = 32
goal instance 240
goal id = 29 user id = 9
goal instance 241
goal id = 7 user id = 24
goal instance 242
goal id = 44 user id = 25
goal instance 243
goal id = 42 user id = 25
goal instance 244
goal id = 28 user id = 20
goal instance 245
goal id = 5 user id = 28
goal instance 246
goal id = 39 user id = 19
goal instance 247
goal id = 35 user id = 16
goal instance 248
goal id = 4 user id = 26
goal instance 249
goal id = 0 user id = 12
goal instance 250
goal id = 26 user id = 14
goal instance 251
goal id = 31 user id = 12
goal instance 252
goal id = 34 user id = 25
goal instance 253
goal id = 35 user id = 25
goal instance 254
goal id = 6 user id = 9
goal instance 255
goal id = 36 user id = 12
goal instance 256
goal id = 37 user id = 13
goal instance 257
goal id = 26 user id = 6
goal instance 258
goal id = 28 user id = 1
goal instance 259
goal id = 34 user id = 18
goal instance 260
goal id = 19 user id = 31
goal instance 261
goal id = 37 user id = 32
goal instance 262
goal id = 13 user id = 18
goal instance 263
goal id = 9 user id = 1
goal instance 264
goal id = 14 user id = 27
goal instance 265
goal id = 30 user id = 12
goal instance 266
goal id = 23 user id = 19
goal instance 267
goal id = 21 user id = 30
goal instance 268
goal id = 27 user id = 12
goal instance 269
goal id = 19 user id = 16
goal instance 270
goal id = 46 user id = 0
goal instance 271
goal id = 37 user id = 20
goal instance 272
goal id = 0 user id = 16
goal instance 273
goal id = 24 user id = 32
goal instance 274
goal id = 5 user id = 15
goal instance 275
goal id = 10 user id = 20
goal instance 276
goal id = 5 user id = 32
goal instance 277
goal id = 46 user id = 13
goal instance 278
goal id = 10 user id = 10
goal instance 279
goal id = 26 user id = 5
goal instance 280
goal id = 47 user id = 2
goal instance 281
goal id = 20 user id = 9
goal instance 282
goal id = 22 user id = 2
goal instance 283
goal id = 1 user id = 31
goal instance 284
goal id = 5 user id = 28
goal instance 285
goal id = 14 user id = 22
goal instance 286
goal id = 23 user id = 29
goal instance 287
goal id = 5 user id = 18
goal instance 288
goal id = 3 user id = 24
goal instance 289
goal id = 2 user id = 20
goal instance 290
goal id = 10 user id = 28
goal instance 291
goal id = 20 user id = 28
goal instance 292
goal id = 11 user id = 7
goal instance 293
goal id = 13 user id = 7
goal instance 294
goal id = 33 user id = 22
goal instance 295
goal id = 33 user id = 5
goal instance 296
goal id = 41 user id = 20
goal instance 297
goal id = 1 user id = 17
goal instance 298
goal id = 19 user id = 0
goal instance 299
goal id = 19 user id = 15
goal instance 300
goal id = 17 user id = 1
goal instance 301
goal id = 10 user id = 19
goal instance 302
goal id = 31 user id = 18
goal instance 303
goal id = 45 user id = 17
goal instance 304
goal id = 16 user id = 29
goal instance 305
goal id = 28 user id = 12
goal instance 306
goal id = 43 user id = 9
goal instance 307
goal id = 22 user id = 13
goal instance 308
goal id = 22 user id = 25
goal instance 309
goal id = 2 user id = 1
goal instance 310
goal id = 8 user id = 21
goal instance 311
goal id = 4 user id = 27
goal instance 312
goal id = 5 user id = 14
goal instance 313
goal id = 8 user id = 15
goal instance 314
goal id = 35 user id = 2
goal instance 315
goal id = 23 user id = 13
goal instance 316
goal id = 15 user id = 23
goal instance 317
goal id = 24 user id = 1
goal instance 318
goal id = 18 user id = 27
goal instance 319
goal id = 37 user id = 32
goal instance 320
goal id = 4 user id = 13
goal instance 321
goal id = 33 user id = 8
goal instance 322
goal id = 29 user id = 14
goal instance 323
goal id = 24 user id = 10
goal instance 324
goal id = 19 user id = 8
goal instance 325
goal id = 20 user id = 7
goal instance 326
goal id = 37 user id = 14
goal instance 327
goal id = 13 user id = 13
goal instance 328
goal id = 14 user id = 5
goal instance 329
goal id = 43 user id = 9
goal instance 330
goal id = 41 user id = 9
goal instance 331
goal id = 1 user id = 26
goal instance 332
goal id = 14 user id = 21
goal instance 333
goal id = 21 user id = 16
goal instance 334
goal id = 28 user id = 32
goal instance 335
goal id = 1 user id = 27
goal instance 336
goal id = 5 user id = 1
goal instance 337
goal id = 1 user id = 2
goal instance 338
goal id = 21 user id = 4
goal instance 339
goal id = 38 user id = 32
goal instance 340
goal id = 1 user id = 27
goal instance 341
goal id = 3 user id = 7
goal instance 342
goal id = 38 user id = 27
goal instance 343
goal id = 30 user id = 28
goal instance 344
goal id = 14 user id = 23
goal instance 345
goal id = 42 user id = 30
goal instance 346
goal id = 19 user id = 9
goal instance 347
goal id = 15 user id = 3
goal instance 348
goal id = 5 user id = 28
goal instance 349
goal id = 7 user id = 28
goal instance 350
goal id = 44 user id = 25
goal instance 351
goal id = 37 user id = 18
goal instance 352
goal id = 7 user id = 28
goal instance 353
goal id = 44 user id = 29
goal instance 354
goal id = 47 user id = 10
goal instance 355
goal id = 21 user id = 15
goal instance 356
goal id = 21 user id = 15
goal instance 357
goal id = 2 user id = 28
goal instance 358
goal id = 37 user id = 13
goal instance 359
goal id = 8 user id = 22
goal instance 360
goal id = 1 user id = 31
goal instance 361
goal id = 26 user id = 1
goal instance 362
goal id = 13 user id = 8
goal instance 363
goal id = 17 user id = 22
goal instance 364
goal id = 19 user id = 13
goal instance 365
goal id = 21 user id = 17
goal instance 366
goal id = 16 user id = 1
goal instance 367
goal id = 25 user id = 18
goal instance 368
goal id = 27 user id = 12
goal instance 369
goal id = 37 user id = 28
goal instance 370
goal id = 24 user id = 15
goal instance 371
goal id = 23 user id = 20
goal instance 372
goal id = 2 user id = 11
goal instance 373
goal id = 37 user id = 26
goal instance 374
goal id = 21 user id = 19
goal instance 375
goal id = 47 user id = 20
goal instance 376
goal id = 38 user id = 30
goal instance 377
goal id = 13 user id = 16
goal instance 378
goal id = 16 user id = 18
goal instance 379
goal id = 28 user id = 19
goal instance 380
goal id = 21 user id = 29
goal instance 381
goal id = 38 user id = 28
goal instance 382
goal id = 27 user id = 24
goal instance 383
goal id = 5 user id = 18
goal instance 384
goal id = 15 user id = 9
goal instance 385
goal id = 19 user id = 15
goal instance 386
goal id = 20 user id = 12
goal instance 387
goal id = 40 user id = 12
goal instance 388
goal id = 20 user id = 17
goal instance 389
goal id = 29 user id = 7
goal instance 390
goal id = 47 user id = 11
goal instance 391
goal id = 38 user id = 23
goal instance 392
goal id = 21 user id = 28
goal instance 393
goal id = 37 user id = 30
goal instance 394
goal id = 10 user id = 12
goal instance 395
goal id = 28 user id = 30
goal instance 396
goal id = 11 user id = 15
goal instance 397
goal id = 8 user id = 18
goal instance 398
goal id = 5 user id = 1
goal instance 399
goal id = 12 user id = 17
goal instance 400
goal id = 8 user id = 20
goal instance 401
goal id = 11 user id = 7
goal instance 402
goal id = 14 user id = 27
goal instance 403
goal id = 29 user id = 25
goal instance 404
goal id = 15 user id = 17
goal instance 405
goal id = 34 user id = 12
goal instance 406
goal id = 24 user id = 12
goal instance 407
goal id = 31 user id = 4
goal instance 408
goal id = 20 user id = 2
goal instance 409
goal id = 23 user id = 15
goal instance 410
goal id = 22 user id = 30
goal instance 411
goal id = 4 user id = 2
goal instance 412
goal id = 7 user id = 2
goal instance 413
goal id = 31 user id = 20
goal instance 414
goal id = 20 user id = 15
goal instance 415
goal id = 6 user id = 11
goal instance 416
goal id = 12 user id = 20
goal instance 417
goal id = 46 user id = 1
goal instance 418
goal id = 43 user id = 15
goal instance 419
goal id = 4 user id = 27
goal instance 420
goal id = 20 user id = 2
goal instance 421
goal id = 21 user id = 4
goal instance 422
goal id = 39 user id = 23
goal instance 423
goal id = 14 user id = 20
goal instance 424
goal id = 45 user id = 19
goal instance 425
goal id = 29 user id = 29
goal instance 426
goal id = 8 user id = 19
goal instance 427
goal id = 6 user id = 27
goal instance 428
goal id = 37 user id = 17
goal instance 429
goal id = 19 user id = 13
goal instance 430
goal id = 22 user id = 19
goal instance 431
goal id = 1 user id = 16
goal instance 432
goal id = 46 user id = 11
goal instance 433
goal id = 4 user id = 19
goal instance 434
goal id = 41 user id = 32
goal instance 435
goal id = 1 user id = 3
goal instance 436
goal id = 30 user id = 8
goal instance 437
goal id = 1 user id = 17
goal instance 438
goal id = 13 user id = 28
goal instance 439
goal id = 21 user id = 20
goal instance 440
goal id = 15 user id = 1
goal instance 441
goal id = 4 user id = 26
goal instance 442
goal id = 20 user id = 2
goal instance 443
goal id = 39 user id = 13
goal instance 444
goal id = 39 user id = 18
goal instance 445
goal id = 28 user id = 7
goal instance 446
goal id = 39 user id = 6
goal instance 447
goal id = 8 user id = 13
goal instance 448
goal id = 46 user id = 0
goal instance 449
goal id = 19 user id = 6
goal instance 450
goal id = 47 user id = 29
goal instance 451
goal id = 34 user id = 14
goal instance 452
goal id = 28 user id = 2
goal instance 453
goal id = 26 user id = 25
goal instance 454
goal id = 38 user id = 6
goal instance 455
goal id = 42 user id = 8
goal instance 456
goal id = 46 user id = 13
goal instance 457
goal id = 4 user id = 32
goal instance 458
goal id = 13 user id = 12
goal instance 459
goal id = 26 user id = 0
goal instance 460
goal id = 47 user id = 4
goal instance 461
goal id = 5 user id = 24
goal instance 462
goal id = 20 user id = 10
goal instance 463
goal id = 12 user id = 7
goal instance 464
goal id = 31 user id = 16
goal instance 465
goal id = 35 user id = 15
goal instance 466
goal id = 21 user id = 7
goal instance 467
goal id = 20 user id = 10
goal instance 468
goal id = 19 user id = 18
goal instance 469
goal id = 37 user id = 15
goal instance 470
goal id = 5 user id = 29
goal instance 471
goal id = 18 user id = 23
goal instance 472
goal id = 5 user id = 13
goal instance 473
goal id = 11 user id = 6
goal instance 474
goal id = 29 user id = 13
goal instance 475
goal id = 33 user id = 2
goal instance 476
goal id = 5 user id = 16
goal instance 477
goal id = 20 user id = 11
goal instance 478
goal id = 35 user id = 13
goal instance 479
goal id = 26 user id = 23
goal instance 480
goal id = 35 user id = 6
goal instance 481
goal id = 33 user id = 15
goal instance 482
goal id = 3 user id = 14
goal instance 483
goal id = 11 user id = 2
goal instance 484
goal id = 28 user id = 21
goal instance 485
goal id = 10 user id = 4
goal instance 486
goal id = 34 user id = 24
goal instance 487
goal id = 35 user id = 26
goal instance 488
goal id = 16 user id = 7
goal instance 489
goal id = 45 user id = 6
goal instance 490
goal id = 27 user id = 6
goal instance 491
goal id = 45 user id = 18
goal instance 492
goal id = 34 user id = 5
goal instance 493
goal id = 31 user id = 8
goal instance 494
goal id = 10 user id = 25
goal instance 495
goal id = 22 user id = 28
goal instance 496
goal id = 4 user id = 17
goal instance 497
goal id = 9 user id = 1
goal instance 498
goal id = 38 user id = 8
goal instance 499
goal id = 10 user id = 25
goal instance 500
goal id = 8 user id = 4
goal instance 501
goal id = 9 user id = 29
goal instance 502
goal id = 36 user id = 12
goal instance 503
goal id = 21 user id = 16
goal instance 504
goal id = 29 user id = 21
goal instance 505
goal id = 28 user id = 5
goal instance 506
goal id = 36 user id = 25
goal instance 507
goal id = 42 user id = 0
goal instance 508
goal id = 22 user id = 6
goal instance 509
goal id = 7 user id = 31
goal instance 510
goal id = 16 user id = 19
goal instance 511
goal id = 40 user id = 6
goal instance 512
goal id = 30 user id = 1
goal instance 513
goal id = 25 user id = 8
goal instance 514
goal id = 10 user id = 3
goal instance 515
goal id = 9 user id = 15
goal instance 516
goal id = 28 user id = 25
goal instance 517
goal id = 22 user id = 10
goal instance 518
goal id = 4 user id = 26
goal instance 519
goal id = 39 user id = 28
goal instance 520
goal id = 44 user id = 22
goal instance 521
goal id = 22 user id = 11
goal instance 522
goal id = 34 user id = 4
goal instance 523
goal id = 23 user id = 13
goal instance 524
goal id = 9 user id = 23
goal instance 525
goal id = 4 user id = 0
goal instance 526
goal id = 12 user id = 17
goal instance 527
goal id = 19 user id = 31
goal instance 528
goal id = 8 user id = 0
goal instance 529
goal id = 22 user id = 16
goal instance 530
goal id = 33 user id = 26
goal instance 531
goal id = 5 user id = 25
goal instance 532
goal id = 33 user id = 10
goal instance 533
goal id = 22 user id = 7
goal instance 534
goal id = 18 user id = 8
goal instance 535
goal id = 39 user id = 9
goal instance 536
goal id = 44 user id = 13
goal instance 537
goal id = 46 user id = 32
goal instance 538
goal id = 27 user id = 24
goal instance 539
goal id = 1 user id = 22
goal instance 540
goal id = 22 user id = 6
goal instance 541
goal id = 40 user id = 20
goal instance 542
goal id = 25 user id = 6
goal instance 543
goal id = 46 user id = 26
goal instance 544
goal id = 25 user id = 4
goal instance 545
goal id = 12 user id = 21
goal instance 546
goal id = 18 user id = 16
goal instance 547
goal id = 32 user id = 1
goal instance 548
goal id = 11 user id = 18
goal instance 549
goal id = 13 user id = 4
goal instance 550
goal id = 1 user id = 21
goal instance 551
goal id = 3 user id = 2
goal instance 552
goal id = 43 user id = 0
goal instance 553
goal id = 40 user id = 26
goal instance 554
goal id = 31 user id = 30
goal instance 555
goal id = 17 user id = 16
goal instance 556
goal id = 12 user id = 32
goal instance 557
goal id = 4 user id = 12
goal instance 558
goal id = 34 user id = 11
goal instance 559
goal id = 19 user id = 17
goal instance 560
goal id = 11 user id = 32
goal instance 561
goal id = 45 user id = 19
goal instance 562
goal id = 24 user id = 3
goal instance 563
goal id = 35 user id = 31
goal instance 564
goal id = 25 user id = 24
goal instance 565
goal id = 16 user id = 12
goal instance 566
goal id = 8 user id = 27
goal instance 567
goal id = 6 user id = 4
goal instance 568
goal id = 11 user id = 10
goal instance 569
goal id = 41 user id = 31
goal instance 570
goal id = 28 user id = 17
goal instance 571
goal id = 21 user id = 12
goal instance 572
goal id = 30 user id = 29
goal instance 573
goal id = 42 user id = 21
goal instance 574
goal id = 4 user id = 27
goal instance 575
goal id = 24 user id = 14
goal instance 576
goal id = 7 user id = 2
goal instance 577
goal id = 33 user id = 11
goal instance 578
goal id = 31 user id = 2
goal instance 579
goal id = 19 user id = 23
goal instance 580
goal id = 31 user id = 0
goal instance 581
goal id = 35 user id = 1
goal instance 582
goal id = 45 user id = 20
goal instance 583
goal id = 31 user id = 5
goal instance 584
goal id = 46 user id = 15
goal instance 585
goal id = 29 user id = 8
goal instance 586
goal id = 45 user id = 14
goal instance 587
goal id = 22 user id = 13
goal instance 588
goal id = 22 user id = 10
goal instance 589
goal id = 3 user id = 13
goal instance 590
goal id = 42 user id = 21
goal instance 591
goal id = 17 user id = 3
goal instance 592
goal id = 35 user id = 20
goal instance 593
goal id = 40 user id = 30
goal instance 594
goal id = 24 user id = 12
goal instance 595
goal id = 38 user id = 24
goal instance 596
goal id = 22 user id = 0
goal instance 597
goal id = 45 user id = 24
goal instance 598
goal id = 27 user id = 15
goal instance 599
goal id = 18 user id = 26
goal instance 600
goal id = 47 user id = 15
goal instance 601
goal id = 10 user id = 18
goal instance 602
goal id = 12 user id = 2
goal instance 603
goal id = 15 user id = 14
goal instance 604
goal id = 47 user id = 26
goal instance 605
goal id = 13 user id = 13
goal instance 606
goal id = 37 user id = 26
goal instance 607
goal id = 5 user id = 26
goal instance 608
goal id = 2 user id = 12
goal instance 609
goal id = 33 user id = 18
goal instance 610
goal id = 5 user id = 20
goal instance 611
goal id = 29 user id = 26
goal instance 612
goal id = 33 user id = 22
goal instance 613
goal id = 8 user id = 26
goal instance 614
goal id = 46 user id = 32
goal instance 615
goal id = 30 user id = 21
goal instance 616
goal id = 12 user id = 29
goal instance 617
goal id = 10 user id = 22
goal instance 618
goal id = 36 user id = 19
goal instance 619
goal id = 27 user id = 23
goal instance 620
goal id = 19 user id = 18
goal instance 621
goal id = 27 user id = 31
goal instance 622
goal id = 5 user id = 1
goal instance 623
goal id = 17 user id = 10
goal instance 624
goal id = 23 user id = 22
goal instance 625
goal id = 12 user id = 12
goal instance 626
goal id = 19 user id = 30
goal instance 627
goal id = 11 user id = 0
goal instance 628
goal id = 6 user id = 1
goal instance 629
goal id = 6 user id = 30
goal instance 630
goal id = 22 user id = 18
goal instance 631
goal id = 4 user id = 12
goal instance 632
goal id = 27 user id = 27
goal instance 633
goal id = 30 user id = 30
goal instance 634
goal id = 22 user id = 30
goal instance 635
goal id = 3 user id = 14
goal instance 636
goal id = 12 user id = 14
goal instance 637
goal id = 22 user id = 27
goal instance 638
goal id = 34 user id = 19
goal instance 639
goal id = 9 user id = 23
goal instance 640
goal id = 7 user id = 23
goal instance 641
goal id = 24 user id = 30
goal instance 642
goal id = 8 user id = 21
goal instance 643
goal id = 1 user id = 9
goal instance 644
goal id = 24 user id = 25
goal instance 645
goal id = 40 user id = 31
goal instance 646
goal id = 19 user id = 27
goal instance 647
goal id = 28 user id = 32
goal instance 648
goal id = 17 user id = 9
goal instance 649
goal id = 43 user id = 25
goal instance 650
goal id = 9 user id = 23
goal instance 651
goal id = 6 user id = 13
goal instance 652
goal id = 10 user id = 10
goal instance 653
goal id = 47 user id = 16
goal instance 654
goal id = 35 user id = 28
goal instance 655
goal id = 16 user id = 32
goal instance 656
goal id = 19 user id = 10
goal instance 657
goal id = 12 user id = 22
goal instance 658
goal id = 23 user id = 2
goal instance 659
goal id = 7 user id = 3
goal instance 660
goal id = 10 user id = 30
goal instance 661
goal id = 21 user id = 22
goal instance 662
goal id = 20 user id = 15
goal instance 663
goal id = 0 user id = 30
goal instance 664
goal id = 0 user id = 2
goal instance 665
goal id = 7 user id = 10
goal instance 666
goal id = 42 user id = 15
goal instance 667
goal id = 22 user id = 32
goal instance 668
goal id = 25 user id = 0
goal instance 669
goal id = 2 user id = 17
goal instance 670
goal id = 28 user id = 13
goal instance 671
goal id = 14 user id = 3
goal instance 672
goal id = 22 user id = 15
goal instance 673
goal id = 12 user id = 28
goal instance 674
goal id = 36 user id = 7
goal instance 675
goal id = 4 user id = 7
goal instance 676
goal id = 38 user id = 21
goal instance 677
goal id = 36 user id = 9
goal instance 678
goal id = 40 user id = 21
goal instance 679
goal id = 25 user id = 19
goal instance 680
goal id = 34 user id = 18
goal instance 681
goal id = 17 user id = 25
goal instance 682
goal id = 15 user id = 16
goal instance 683
goal id = 42 user id = 21
goal instance 684
goal id = 27 user id = 6
goal instance 685
goal id = 46 user id = 26
goal instance 686
goal id = 35 user id = 27
goal instance 687
goal id = 5 user id = 4
goal instance 688
goal id = 3 user id = 1
goal instance 689
goal id = 5 user id = 0
goal instance 690
goal id = 16 user id = 23
goal instance 691
goal id = 44 user id = 6
goal instance 692
goal id = 44 user id = 31
goal instance 693
goal id = 35 user id = 7
goal instance 694
goal id = 8 user id = 11
goal instance 695
goal id = 23 user id = 13
goal instance 696
goal id = 8 user id = 31
goal instance 697
goal id = 16 user id = 25
goal instance 698
goal id = 35 user id = 6
goal instance 699
goal id = 9 user id = 22
goal instance 700
goal id = 31 user id = 7
goal instance 701
goal id = 20 user id = 29
goal instance 702
goal id = 25 user id = 20
goal instance 703
goal id = 0 user id = 20
goal instance 704
goal id = 8 user id = 7
goal instance 705
goal id = 6 user id = 24
goal instance 706
goal id = 20 user id = 30
goal instance 707
goal id = 45 user id = 10
goal instance 708
goal id = 1 user id = 14
goal instance 709
goal id = 36 user id = 22
goal instance 710
goal id = 28 user id = 29
goal instance 711
goal id = 5 user id = 8
goal instance 712
goal id = 35 user id = 24
goal instance 713
goal id = 11 user id = 17
goal instance 714
goal id = 26 user id = 25
goal instance 715
goal id = 19 user id = 4
goal instance 716
goal id = 1 user id = 0
goal instance 717
goal id = 13 user id = 15
goal instance 718
goal id = 0 user id = 3
goal instance 719
goal id = 46 user id = 16
goal instance 720
goal id = 25 user id = 32
goal instance 721
goal id = 47 user id = 19
goal instance 722
goal id = 47 user id = 13
goal instance 723
goal id = 22 user id = 30
goal instance 724
goal id = 30 user id = 15
goal instance 725
goal id = 30 user id = 3
goal instance 726
goal id = 20 user id = 5
goal instance 727
goal id = 33 user id = 10
goal instance 728
goal id = 26 user id = 31
goal instance 729
goal id = 5 user id = 32
goal instance 730
goal id = 37 user id = 21
goal instance 731
goal id = 28 user id = 25
goal instance 732
goal id = 32 user id = 17
goal instance 733
goal id = 14 user id = 16
goal instance 734
goal id = 5 user id = 19
goal instance 735
goal id = 29 user id = 4
goal instance 736
goal id = 3 user id = 21
goal instance 737
goal id = 46 user id = 12
goal instance 738
goal id = 31 user id = 30
goal instance 739
goal id = 2 user id = 23
goal instance 740
goal id = 32 user id = 28
goal instance 741
goal id = 43 user id = 20
goal instance 742
goal id = 40 user id = 9
goal instance 743
goal id = 2 user id = 23
goal instance 744
goal id = 19 user id = 4
goal instance 745
goal id = 19 user id = 25
goal instance 746
goal id = 30 user id = 19
goal instance 747
goal id = 36 user id = 31
goal instance 748
goal id = 10 user id = 8
goal instance 749
goal id = 4 user id = 24
goal instance 750
goal id = 44 user id = 1
goal instance 751
goal id = 42 user id = 32
goal instance 752
goal id = 30 user id = 18
goal instance 753
goal id = 33 user id = 6
goal instance 754
goal id = 26 user id = 16
goal instance 755
goal id = 26 user id = 25
goal instance 756
goal id = 42 user id = 3
goal instance 757
goal id = 44 user id = 8
goal instance 758
goal id = 29 user id = 4
goal instance 759
goal id = 7 user id = 15
goal instance 760
goal id = 14 user id = 26
goal instance 761
goal id = 26 user id = 8
goal instance 762
goal id = 30 user id = 1
goal instance 763
goal id = 43 user id = 1
goal instance 764
goal id = 27 user id = 2
goal instance 765
goal id = 22 user id = 32
goal instance 766
goal id = 33 user id = 28
goal instance 767
goal id = 10 user id = 22
goal instance 768
goal id = 20 user id = 24
goal instance 769
goal id = 15 user id = 18
goal instance 770
goal id = 35 user id = 29
goal instance 771
goal id = 32 user id = 13
goal instance 772
goal id = 39 user id = 13
goal instance 773
goal id = 33 user id = 0
goal instance 774
goal id = 29 user id = 2
goal instance 775
goal id = 34 user id = 18
goal instance 776
goal id = 18 user id = 7
goal instance 777
goal id = 36 user id = 25
goal instance 778
goal id = 42 user id = 9
goal instance 779
goal id = 23 user id = 17
goal instance 780
goal id = 37 user id = 17
goal instance 781
goal id = 29 user id = 24
goal instance 782
goal id = 25 user id = 9
goal instance 783
goal id = 14 user id = 21
goal instance 784
goal id = 24 user id = 11
goal instance 785
goal id = 9 user id = 5
goal instance 786
goal id = 14 user id = 17
goal instance 787
goal id = 44 user id = 17
goal instance 788
goal id = 46 user id = 4
goal instance 789
goal id = 20 user id = 8
goal instance 790
goal id = 12 user id = 11
goal instance 791
goal id = 0 user id = 28
goal instance 792
goal id = 1 user id = 25
goal instance 793
goal id = 37 user id = 1
goal instance 794
goal id = 21 user id = 5
goal instance 795
goal id = 35 user id = 27
goal instance 796
goal id = 1 user id = 9
goal instance 797
goal id = 16 user id = 19
goal instance 798
goal id = 46 user id = 7
goal instance 799
goal id = 15 user id = 32
goal instance 800
goal id = 11 user id = 2
goal instance 801
goal id = 11 user id = 13
goal instance 802
goal id = 2 user id = 3
goal instance 803
goal id = 34 user id = 32
goal instance 804
goal id = 27 user id = 19
goal instance 805
goal id = 8 user id = 17
goal instance 806
goal id = 42 user id = 11
goal instance 807
goal id = 4 user id = 24
goal instance 808
goal id = 21 user id = 23
goal instance 809
goal id = 26 user id = 31
goal instance 810
goal id = 41 user id = 26
goal instance 811
goal id = 9 user id = 24
goal instance 812
goal id = 39 user id = 14
goal instance 813
goal id = 47 user id = 1
goal instance 814
goal id = 24 user id = 18
goal instance 815
goal id = 11 user id = 12
goal instance 816
goal id = 19 user id = 30
goal instance 817
goal id = 4 user id = 7
goal instance 818
goal id = 35 user id = 19
goal instance 819
goal id = 31 user id = 31
goal instance 820
goal id = 23 user id = 30
goal instance 821
goal id = 0 user id = 3
goal instance 822
goal id = 42 user id = 10
goal instance 823
goal id = 36 user id = 21
goal instance 824
goal id = 41 user id = 15
goal instance 825
goal id = 20 user id = 22
goal instance 826
goal id = 16 user id = 2
goal instance 827
goal id = 8 user id = 25
goal instance 828
goal id = 16 user id = 19
goal instance 829
goal id = 44 user id = 27
goal instance 830
goal id = 15 user id = 29
goal instance 831
goal id = 39 user id = 18
goal instance 832
goal id = 2 user id = 21
goal instance 833
goal id = 47 user id = 6
goal instance 834
goal id = 17 user id = 11
goal instance 835
goal id = 3 user id = 31
goal instance 836
goal id = 47 user id = 20
goal instance 837
goal id = 41 user id = 23
goal instance 838
goal id = 41 user id = 14
goal instance 839
goal id = 35 user id = 7
goal instance 840
goal id = 26 user id = 30
goal instance 841
goal id = 3 user id = 17
goal instance 842
goal id = 33 user id = 16
goal instance 843
goal id = 28 user id = 9
goal instance 844
goal id = 34 user id = 32
goal instance 845
goal id = 33 user id = 18
goal instance 846
goal id = 24 user id = 15
goal instance 847
goal id = 47 user id = 30
goal instance 848
goal id = 7 user id = 8
goal instance 849
goal id = 11 user id = 2
goal instance 850
goal id = 9 user id = 4
goal instance 851
goal id = 35 user id = 25
goal instance 852
goal id = 27 user id = 12
goal instance 853
goal id = 27 user id = 1
goal instance 854
goal id = 39 user id = 1
goal instance 855
goal id = 33 user id = 18
goal instance 856
goal id = 0 user id = 26
goal instance 857
goal id = 6 user id = 26
goal instance 858
goal id = 32 user id = 26
goal instance 859
goal id = 9 user id = 3
goal instance 860
goal id = 41 user id = 17
goal instance 861
goal id = 1 user id = 6
goal instance 862
goal id = 18 user id = 8
goal instance 863
goal id = 16 user id = 2
goal instance 864
goal id = 22 user id = 12
goal instance 865
goal id = 41 user id = 20
goal instance 866
goal id = 28 user id = 10
goal instance 867
goal id = 37 user id = 7
goal instance 868
goal id = 32 user id = 29
goal instance 869
goal id = 33 user id = 26
goal instance 870
goal id = 1 user id = 8
goal instance 871
goal id = 25 user id = 15
goal instance 872
goal id = 1 user id = 32
goal instance 873
goal id = 45 user id = 8
goal instance 874
goal id = 3 user id = 12
goal instance 875
goal id = 5 user id = 17
goal instance 876
goal id = 17 user id = 13
goal instance 877
goal id = 40 user id = 19
goal instance 878
goal id = 16 user id = 16
goal instance 879
goal id = 44 user id = 27
goal instance 880
goal id = 28 user id = 19
goal instance 881
goal id = 47 user id = 29
goal instance 882
goal id = 37 user id = 25
goal instance 883
goal id = 26 user id = 1
goal instance 884
goal id = 0 user id = 9
goal instance 885
goal id = 34 user id = 20
goal instance 886
goal id = 19 user id = 5
goal instance 887
goal id = 1 user id = 23
goal instance 888
goal id = 34 user id = 6
goal instance 889
goal id = 9 user id = 21
goal instance 890
goal id = 24 user id = 29
goal instance 891
goal id = 34 user id = 24
goal instance 892
goal id = 9 user id = 21
goal instance 893
goal id = 27 user id = 29
goal instance 894
goal id = 46 user id = 7
goal instance 895
goal id = 30 user id = 6
goal instance 896
goal id = 41 user id = 32
goal instance 897
goal id = 23 user id = 29
goal instance 898
goal id = 4 user id = 8
goal instance 899
goal id = 15 user id = 0
goal instance 900
goal id = 40 user id = 11
goal instance 901
goal id = 21 user id = 21
goal instance 902
goal id = 45 user id = 27
goal instance 903
goal id = 43 user id = 19
goal instance 904
goal id = 46 user id = 27
goal instance 905
goal id = 10 user id = 3
goal instance 906
goal id = 10 user id = 12
goal instance 907
goal id = 31 user id = 31
goal instance 908
goal id = 6 user id = 32
goal instance 909
goal id = 21 user id = 19
goal instance 910
goal id = 38 user id = 20
goal instance 911
goal id = 44 user id = 32
goal instance 912
goal id = 32 user id = 7
goal instance 913
goal id = 18 user id = 12
goal instance 914
goal id = 13 user id = 25
goal instance 915
goal id = 44 user id = 22
goal instance 916
goal id = 42 user id = 23
goal instance 917
goal id = 45 user id = 26
goal instance 918
goal id = 27 user id = 11
goal instance 919
goal id = 12 user id = 12
goal instance 920
goal id = 8 user id = 15
goal instance 921
goal id = 17 user id = 6
goal instance 922
goal id = 31 user id = 6
goal instance 923
goal id = 28 user id = 5
goal instance 924
goal id = 38 user id = 3
goal instance 925
goal id = 21 user id = 23
goal instance 926
goal id = 37 user id = 30
goal instance 927
goal id = 7 user id = 25
goal instance 928
goal id = 9 user id = 29
goal instance 929
goal id = 42 user id = 1
goal instance 930
goal id = 39 user id = 15
goal instance 931
goal id = 29 user id = 20
goal instance 932
goal id = 18 user id = 3
goal instance 933
goal id = 41 user id = 12
goal instance 934
goal id = 14 user id = 17
goal instance 935
goal id = 20 user id = 8
goal instance 936
goal id = 3 user id = 25
goal instance 937
goal id = 8 user id = 24
goal instance 938
goal id = 20 user id = 18
goal instance 939
goal id = 9 user id = 20
goal instance 940
goal id = 19 user id = 12
goal instance 941
goal id = 36 user id = 9
goal instance 942
goal id = 41 user id = 2
goal instance 943
goal id = 15 user id = 13
goal instance 944
goal id = 9 user id = 20
goal instance 945
goal id = 42 user id = 17
goal instance 946
goal id = 39 user id = 15
goal instance 947
goal id = 33 user id = 31
goal instance 948
goal id = 19 user id = 10
goal instance 949
goal id = 15 user id = 6
goal instance 950
goal id = 12 user id = 17
goal instance 951
goal id = 26 user id = 13
goal instance 952
goal id = 2 user id = 14
goal instance 953
goal id = 37 user id = 20
goal instance 954
goal id = 8 user id = 13
goal instance 955
goal id = 45 user id = 1
goal instance 956
goal id = 6 user id = 8
goal instance 957
goal id = 4 user id = 25
goal instance 958
goal id = 27 user id = 4
goal instance 959
goal id = 2 user id = 0
goal instance 960
goal id = 24 user id = 28
goal instance 961
goal id = 27 user id = 0
goal instance 962
goal id = 14 user id = 15
goal instance 963
goal id = 24 user id = 17
goal instance 964
goal id = 22 user id = 1
goal instance 965
goal id = 21 user id = 1
goal instance 966
goal id = 30 user id = 7
goal instance 967
goal id = 14 user id = 5
goal instance 968
goal id = 5 user id = 6
goal instance 969
goal id = 35 user id = 7
goal instance 970
goal id = 34 user id = 6
goal instance 971
goal id = 0 user id = 1
goal instance 972
goal id = 16 user id = 14
goal instance 973
goal id = 30 user id = 15
goal instance 974
goal id = 29 user id = 22
goal instance 975
goal id = 4 user id = 17
goal instance 976
goal id = 1 user id = 7
goal instance 977
goal id = 33 user id = 8
goal instance 978
goal id = 0 user id = 29
goal instance 979
goal id = 44 user id = 21
goal instance 980
goal id = 33 user id = 29
goal instance 981
goal id = 47 user id = 15
goal instance 982
goal id = 8 user id = 26
goal instance 983
goal id = 18 user id = 25
goal instance 984
goal id = 34 user id = 26
goal instance 985
goal id = 36 user id = 14
goal instance 986
goal id = 46 user id = 27
goal instance 987
goal id = 5 user id = 12
goal instance 988
goal id = 1 user id = 1
goal instance 989
goal id = 38 user id = 16
goal instance 990
goal id = 1 user id = 19
goal instance 991
goal id = 29 user id = 4
goal instance 992
goal id = 31 user id = 19
goal instance 993
goal id = 15 user id = 6
goal instance 994
goal id = 10 user id = 5
goal instance 995
goal id = 41 user id = 13
goal instance 996
goal id = 1 user id = 27
goal instance 997
goal id = 42 user id = 0
goal instance 998
goal id = 2 user id = 4
goal instance 999
goal id = 20 user id = 29
