Connecting to database specified by database.yml
Connecting to database specified by database.yml
Connecting to database specified by database.yml
Connecting to database specified by database.yml
  [1m[36m (2.1ms)[0m  [1mSELECT `schema_migrations`.`version` FROM `schema_migrations` [0m
Migrating to CreateUsers (20131027003632)
Migrating to CreateGoals (20131027003758)
Migrating to CreateGoalInstances (20131030020611)
Migrating to AddPictureToGoal (20131102075823)
Migrating to CreateMilstones (20131112160403)
  [1m[35m (285.5ms)[0m  CREATE TABLE `milstones` (`id` int(11) DEFAULT NULL auto_increment PRIMARY KEY, `goal_instance` varchar(255), `no_of_days` varchar(255), `title` varchar(255), `description` varchar(255), `created_at` datetime NOT NULL, `updated_at` datetime NOT NULL) ENGINE=InnoDB
  [1m[36m (55.1ms)[0m  [1mINSERT INTO `schema_migrations` (`version`) VALUES ('20131112160403')[0m
  [1m[35m (0.2ms)[0m  SELECT `schema_migrations`.`version` FROM `schema_migrations` 
Connecting to database specified by database.yml
Connecting to database specified by database.yml
  [1m[36m (1.8ms)[0m  [1mSELECT `schema_migrations`.`version` FROM `schema_migrations` [0m
Migrating to CreateUsers (20131027003632)
Migrating to CreateGoals (20131027003758)
Migrating to CreateGoalInstances (20131030020611)
Migrating to AddPictureToGoal (20131102075823)
Migrating to CreateMilstones (20131112160403)
Migrating to CreateComments (20131112160920)
  [1m[35m (143.4ms)[0m  CREATE TABLE `comments` (`id` int(11) DEFAULT NULL auto_increment PRIMARY KEY, `goal_instance_id` varchar(255), `comment` varchar(255), `user_id` varchar(255), `timestamp` varchar(255), `created_at` datetime NOT NULL, `updated_at` datetime NOT NULL) ENGINE=InnoDB
  [1m[36m (44.0ms)[0m  [1mINSERT INTO `schema_migrations` (`version`) VALUES ('20131112160920')[0m
  [1m[35m (0.3ms)[0m  SELECT `schema_migrations`.`version` FROM `schema_migrations` 


Started GET "/milestones" for 127.0.0.1 at 2013-11-12 08:18:57 -0800
Connecting to database specified by database.yml

ActionController::RoutingError (No route matches [GET] "/milestones"):
  actionpack (3.2.14) lib/action_dispatch/middleware/debug_exceptions.rb:21:in `call'
  actionpack (3.2.14) lib/action_dispatch/middleware/show_exceptions.rb:56:in `call'
  railties (3.2.14) lib/rails/rack/logger.rb:32:in `call_app'
  railties (3.2.14) lib/rails/rack/logger.rb:16:in `block in call'
  activesupport (3.2.14) lib/active_support/tagged_logging.rb:22:in `tagged'
  railties (3.2.14) lib/rails/rack/logger.rb:16:in `call'
  actionpack (3.2.14) lib/action_dispatch/middleware/request_id.rb:22:in `call'
  rack (1.4.5) lib/rack/methodoverride.rb:21:in `call'
  rack (1.4.5) lib/rack/runtime.rb:17:in `call'
  activesupport (3.2.14) lib/active_support/cache/strategy/local_cache.rb:72:in `call'
  rack (1.4.5) lib/rack/lock.rb:15:in `call'
  actionpack (3.2.14) lib/action_dispatch/middleware/static.rb:63:in `call'
  railties (3.2.14) lib/rails/engine.rb:484:in `call'
  railties (3.2.14) lib/rails/application.rb:231:in `call'
  rack (1.4.5) lib/rack/content_length.rb:14:in `call'
  railties (3.2.14) lib/rails/rack/log_tailer.rb:17:in `call'
  rack (1.4.5) lib/rack/handler/webrick.rb:59:in `service'
  /usr/lib/ruby/1.9.1/webrick/httpserver.rb:138:in `service'
  /usr/lib/ruby/1.9.1/webrick/httpserver.rb:94:in `run'
  /usr/lib/ruby/1.9.1/webrick/server.rb:191:in `block in start_thread'


  Rendered /usr/lib/ruby/gems/1.9.1/gems/actionpack-3.2.14/lib/action_dispatch/middleware/templates/rescues/routing_error.erb within rescues/layout (17.6ms)


Started GET "/milstones" for 127.0.0.1 at 2013-11-12 08:19:05 -0800
Processing by MilstonesController#index as HTML
  [1m[36mMilstone Load (0.3ms)[0m  [1mSELECT `milstones`.* FROM `milstones` [0m
  Rendered milstones/index.html.erb within layouts/application (1.6ms)
Compiled goals.css  (3182ms)  (pid 2856)
Compiled scaffolds.css  (18ms)  (pid 2856)
Compiled comments.css  (2ms)  (pid 2856)
Compiled milstones.css  (2ms)  (pid 2856)
Compiled application.css  (115ms)  (pid 2856)
Completed 200 OK in 3594ms (Views: 3566.2ms | ActiveRecord: 1.8ms)


Started GET "/assets/holder.js" for 127.0.0.1 at 2013-11-12 08:19:09 -0800
Served asset /holder.js - 304 Not Modified (139ms)


Started GET "/assets/comments.css?body=1" for 127.0.0.1 at 2013-11-12 08:19:10 -0800
Served asset /comments.css - 200 OK (3ms)


Started GET "/assets/milstones.css?body=1" for 127.0.0.1 at 2013-11-12 08:19:10 -0800
Served asset /milstones.css - 200 OK (5ms)


Started GET "/assets/friends.css?body=1" for 127.0.0.1 at 2013-11-12 08:19:10 -0800
Served asset /friends.css - 304 Not Modified (12ms)


Started GET "/assets/goals.css?body=1" for 127.0.0.1 at 2013-11-12 08:19:10 -0800
Served asset /goals.css - 200 OK (10ms)


Started GET "/assets/login.css?body=1" for 127.0.0.1 at 2013-11-12 08:19:10 -0800
Served asset /login.css - 304 Not Modified (5ms)


Started GET "/assets/users.css?body=1" for 127.0.0.1 at 2013-11-12 08:19:10 -0800
Served asset /users.css - 304 Not Modified (2ms)


Started GET "/assets/goal_instances.css?body=1" for 127.0.0.1 at 2013-11-12 08:19:10 -0800
Served asset /goal_instances.css - 304 Not Modified (2ms)


Started GET "/assets/scaffolds.css?body=1" for 127.0.0.1 at 2013-11-12 08:19:10 -0800
Served asset /scaffolds.css - 200 OK (4ms)


Started GET "/milstones/new" for 127.0.0.1 at 2013-11-12 08:19:28 -0800
Processing by MilstonesController#new as HTML
  Rendered milstones/_form.html.erb (98.2ms)
  Rendered milstones/new.html.erb within layouts/application (135.5ms)
Completed 200 OK in 164ms (Views: 152.2ms | ActiveRecord: 0.0ms)


Started GET "/assets/holder.js" for 127.0.0.1 at 2013-11-12 08:19:28 -0800
Served asset /holder.js - 304 Not Modified (0ms)


Started GET "/assets/friends.css?body=1" for 127.0.0.1 at 2013-11-12 08:19:28 -0800
Served asset /friends.css - 304 Not Modified (0ms)


Started GET "/assets/login.css?body=1" for 127.0.0.1 at 2013-11-12 08:19:28 -0800
Served asset /login.css - 304 Not Modified (0ms)


Started GET "/assets/users.css?body=1" for 127.0.0.1 at 2013-11-12 08:19:28 -0800
Served asset /users.css - 304 Not Modified (0ms)


Started GET "/assets/goal_instances.css?body=1" for 127.0.0.1 at 2013-11-12 08:19:28 -0800
Served asset /goal_instances.css - 304 Not Modified (0ms)


Started POST "/milstones" for 127.0.0.1 at 2013-11-12 08:20:00 -0800
Processing by MilstonesController#create as HTML
  Parameters: {"utf8"=>"✓", "authenticity_token"=>"yctNsxXLxGrdewAcyR1+q0DRXZOukaRl/X2usmsWIvU=", "milstone"=>{"goal_instance"=>"1", "no_of_days"=>"3", "title"=>"Go to china", "description"=>"travel"}, "commit"=>"Create Milstone"}
  [1m[35m (0.1ms)[0m  BEGIN
  [1m[36mSQL (0.4ms)[0m  [1mINSERT INTO `milstones` (`created_at`, `description`, `goal_instance`, `no_of_days`, `title`, `updated_at`) VALUES ('2013-11-12 16:20:00', 'travel', '1', '3', 'Go to china', '2013-11-12 16:20:00')[0m
  [1m[35m (43.3ms)[0m  COMMIT
Redirected to http://localhost:3000/milstones/1
Completed 302 Found in 235ms (ActiveRecord: 43.9ms)


Started GET "/milstones/1" for 127.0.0.1 at 2013-11-12 08:20:00 -0800
Processing by MilstonesController#show as HTML
  Parameters: {"id"=>"1"}
  [1m[36mMilstone Load (0.4ms)[0m  [1mSELECT `milstones`.* FROM `milstones` WHERE `milstones`.`id` = 1 LIMIT 1[0m
  Rendered milstones/show.html.erb within layouts/application (2.1ms)
Completed 200 OK in 20ms (Views: 17.0ms | ActiveRecord: 0.4ms)


Started GET "/assets/holder.js" for 127.0.0.1 at 2013-11-12 08:20:00 -0800
Served asset /holder.js - 304 Not Modified (5ms)


Started GET "/assets/friends.css?body=1" for 127.0.0.1 at 2013-11-12 08:20:00 -0800
Served asset /friends.css - 304 Not Modified (0ms)


Started GET "/assets/goal_instances.css?body=1" for 127.0.0.1 at 2013-11-12 08:20:00 -0800
Served asset /goal_instances.css - 304 Not Modified (0ms)


Started GET "/assets/login.css?body=1" for 127.0.0.1 at 2013-11-12 08:20:00 -0800
Served asset /login.css - 304 Not Modified (0ms)


Started GET "/assets/users.css?body=1" for 127.0.0.1 at 2013-11-12 08:20:00 -0800
Served asset /users.css - 304 Not Modified (0ms)


Started GET "/milstones" for 127.0.0.1 at 2013-11-12 08:20:02 -0800
Processing by MilstonesController#index as HTML
  [1m[35mMilstone Load (0.5ms)[0m  SELECT `milstones`.* FROM `milstones` 
  Rendered milstones/index.html.erb within layouts/application (2.3ms)
Completed 200 OK in 14ms (Views: 11.4ms | ActiveRecord: 0.5ms)


Started GET "/assets/holder.js" for 127.0.0.1 at 2013-11-12 08:20:02 -0800
Served asset /holder.js - 304 Not Modified (0ms)


Started GET "/assets/friends.css?body=1" for 127.0.0.1 at 2013-11-12 08:20:02 -0800
Served asset /friends.css - 304 Not Modified (0ms)


Started GET "/assets/goal_instances.css?body=1" for 127.0.0.1 at 2013-11-12 08:20:02 -0800
Served asset /goal_instances.css - 304 Not Modified (0ms)


Started GET "/assets/login.css?body=1" for 127.0.0.1 at 2013-11-12 08:20:02 -0800
Served asset /login.css - 304 Not Modified (0ms)


Started GET "/assets/users.css?body=1" for 127.0.0.1 at 2013-11-12 08:20:02 -0800
Served asset /users.css - 304 Not Modified (0ms)


Started GET "/milstones/new" for 127.0.0.1 at 2013-11-12 08:20:06 -0800
Processing by MilstonesController#new as HTML
  Rendered milstones/_form.html.erb (4.1ms)
  Rendered milstones/new.html.erb within layouts/application (5.5ms)
Completed 200 OK in 15ms (Views: 14.3ms | ActiveRecord: 0.0ms)


Started GET "/assets/holder.js" for 127.0.0.1 at 2013-11-12 08:20:06 -0800
Served asset /holder.js - 304 Not Modified (0ms)


Started GET "/assets/friends.css?body=1" for 127.0.0.1 at 2013-11-12 08:20:06 -0800
Served asset /friends.css - 304 Not Modified (0ms)


Started GET "/assets/goal_instances.css?body=1" for 127.0.0.1 at 2013-11-12 08:20:06 -0800
Served asset /goal_instances.css - 304 Not Modified (0ms)


Started GET "/assets/login.css?body=1" for 127.0.0.1 at 2013-11-12 08:20:06 -0800
Served asset /login.css - 304 Not Modified (0ms)


Started GET "/assets/users.css?body=1" for 127.0.0.1 at 2013-11-12 08:20:06 -0800
Served asset /users.css - 304 Not Modified (0ms)


Started POST "/milstones" for 127.0.0.1 at 2013-11-12 08:20:20 -0800
Processing by MilstonesController#create as HTML
  Parameters: {"utf8"=>"✓", "authenticity_token"=>"yctNsxXLxGrdewAcyR1+q0DRXZOukaRl/X2usmsWIvU=", "milstone"=>{"goal_instance"=>"2", "no_of_days"=>"4", "title"=>"Go to india", "description"=>"travel"}, "commit"=>"Create Milstone"}
  [1m[36m (0.2ms)[0m  [1mBEGIN[0m
  [1m[35mSQL (0.3ms)[0m  INSERT INTO `milstones` (`created_at`, `description`, `goal_instance`, `no_of_days`, `title`, `updated_at`) VALUES ('2013-11-12 16:20:20', 'travel', '2', '4', 'Go to india', '2013-11-12 16:20:20')
  [1m[36m (86.8ms)[0m  [1mCOMMIT[0m
Redirected to http://localhost:3000/milstones/2
Completed 302 Found in 93ms (ActiveRecord: 87.3ms)


Started GET "/milstones/2" for 127.0.0.1 at 2013-11-12 08:20:20 -0800
Processing by MilstonesController#show as HTML
  Parameters: {"id"=>"2"}
  [1m[35mMilstone Load (0.4ms)[0m  SELECT `milstones`.* FROM `milstones` WHERE `milstones`.`id` = 2 LIMIT 1
  Rendered milstones/show.html.erb within layouts/application (0.8ms)
Completed 200 OK in 10ms (Views: 8.2ms | ActiveRecord: 0.4ms)


Started GET "/assets/holder.js" for 127.0.0.1 at 2013-11-12 08:20:20 -0800
Served asset /holder.js - 304 Not Modified (0ms)


Started GET "/assets/goal_instances.css?body=1" for 127.0.0.1 at 2013-11-12 08:20:20 -0800
Served asset /goal_instances.css - 304 Not Modified (0ms)


Started GET "/assets/friends.css?body=1" for 127.0.0.1 at 2013-11-12 08:20:20 -0800
Served asset /friends.css - 304 Not Modified (2ms)


Started GET "/assets/comments.css?body=1" for 127.0.0.1 at 2013-11-12 08:20:20 -0800
Served asset /comments.css - 304 Not Modified (0ms)


Started GET "/assets/login.css?body=1" for 127.0.0.1 at 2013-11-12 08:20:20 -0800
Served asset /login.css - 304 Not Modified (0ms)


Started GET "/assets/users.css?body=1" for 127.0.0.1 at 2013-11-12 08:20:20 -0800
Served asset /users.css - 304 Not Modified (0ms)


Started GET "/milstones" for 127.0.0.1 at 2013-11-12 08:20:22 -0800
Processing by MilstonesController#index as HTML
  [1m[36mMilstone Load (0.4ms)[0m  [1mSELECT `milstones`.* FROM `milstones` [0m
  Rendered milstones/index.html.erb within layouts/application (4.1ms)
Completed 200 OK in 15ms (Views: 13.4ms | ActiveRecord: 0.4ms)


Started GET "/assets/holder.js" for 127.0.0.1 at 2013-11-12 08:20:22 -0800
Served asset /holder.js - 304 Not Modified (0ms)


Started GET "/assets/comments.css?body=1" for 127.0.0.1 at 2013-11-12 08:20:22 -0800
Served asset /comments.css - 304 Not Modified (0ms)


Started GET "/assets/friends.css?body=1" for 127.0.0.1 at 2013-11-12 08:20:22 -0800
Served asset /friends.css - 304 Not Modified (0ms)


Started GET "/assets/goal_instances.css?body=1" for 127.0.0.1 at 2013-11-12 08:20:22 -0800
Served asset /goal_instances.css - 304 Not Modified (0ms)


Started GET "/assets/login.css?body=1" for 127.0.0.1 at 2013-11-12 08:20:22 -0800
Served asset /login.css - 304 Not Modified (0ms)


Started GET "/assets/users.css?body=1" for 127.0.0.1 at 2013-11-12 08:20:22 -0800
Served asset /users.css - 304 Not Modified (0ms)


Started GET "/comments" for 127.0.0.1 at 2013-11-12 08:21:01 -0800
Connecting to database specified by database.yml
Processing by CommentsController#index as HTML
  [1m[36mComment Load (0.2ms)[0m  [1mSELECT `comments`.* FROM `comments` [0m
  Rendered comments/index.html.erb within layouts/application (4.3ms)
Completed 200 OK in 133ms (Views: 125.5ms | ActiveRecord: 1.6ms)


Started GET "/assets/holder.js" for 127.0.0.1 at 2013-11-12 08:21:02 -0800
Served asset /holder.js - 304 Not Modified (23ms)


Started GET "/assets/comments.css?body=1" for 127.0.0.1 at 2013-11-12 08:21:02 -0800
Served asset /comments.css - 304 Not Modified (3ms)


Started GET "/assets/friends.css?body=1" for 127.0.0.1 at 2013-11-12 08:21:02 -0800
Served asset /friends.css - 304 Not Modified (5ms)


Started GET "/assets/goal_instances.css?body=1" for 127.0.0.1 at 2013-11-12 08:21:02 -0800
Served asset /goal_instances.css - 304 Not Modified (2ms)


Started GET "/assets/login.css?body=1" for 127.0.0.1 at 2013-11-12 08:21:02 -0800
Served asset /login.css - 304 Not Modified (2ms)


Started GET "/assets/milstones.css?body=1" for 127.0.0.1 at 2013-11-12 08:21:02 -0800
Served asset /milstones.css - 304 Not Modified (3ms)


Started GET "/assets/scaffolds.css?body=1" for 127.0.0.1 at 2013-11-12 08:21:02 -0800
Served asset /scaffolds.css - 304 Not Modified (2ms)


Started GET "/assets/users.css?body=1" for 127.0.0.1 at 2013-11-12 08:21:02 -0800
Served asset /users.css - 304 Not Modified (5ms)


Started GET "/comments/new" for 127.0.0.1 at 2013-11-12 08:21:05 -0800
Processing by CommentsController#new as HTML
  Rendered comments/_form.html.erb (12.8ms)
  Rendered comments/new.html.erb within layouts/application (21.4ms)
Completed 200 OK in 58ms (Views: 44.0ms | ActiveRecord: 0.0ms)


Started GET "/assets/holder.js" for 127.0.0.1 at 2013-11-12 08:21:05 -0800
Served asset /holder.js - 304 Not Modified (0ms)


Started GET "/assets/comments.css?body=1" for 127.0.0.1 at 2013-11-12 08:21:05 -0800
Served asset /comments.css - 304 Not Modified (0ms)


Started GET "/assets/friends.css?body=1" for 127.0.0.1 at 2013-11-12 08:21:05 -0800
Served asset /friends.css - 304 Not Modified (55ms)


Started GET "/assets/goal_instances.css?body=1" for 127.0.0.1 at 2013-11-12 08:21:05 -0800
Served asset /goal_instances.css - 304 Not Modified (0ms)


Started GET "/assets/milstones.css?body=1" for 127.0.0.1 at 2013-11-12 08:21:05 -0800
Served asset /milstones.css - 304 Not Modified (0ms)


Started GET "/assets/goals.css?body=1" for 127.0.0.1 at 2013-11-12 08:21:05 -0800
Served asset /goals.css - 304 Not Modified (17ms)


Started GET "/assets/login.css?body=1" for 127.0.0.1 at 2013-11-12 08:21:05 -0800
Served asset /login.css - 304 Not Modified (0ms)


Started GET "/assets/scaffolds.css?body=1" for 127.0.0.1 at 2013-11-12 08:21:05 -0800
Served asset /scaffolds.css - 304 Not Modified (0ms)


Started GET "/assets/users.css?body=1" for 127.0.0.1 at 2013-11-12 08:21:05 -0800
Served asset /users.css - 304 Not Modified (0ms)


Started POST "/comments" for 127.0.0.1 at 2013-11-12 08:21:37 -0800
Processing by CommentsController#create as HTML
  Parameters: {"utf8"=>"✓", "authenticity_token"=>"yctNsxXLxGrdewAcyR1+q0DRXZOukaRl/X2usmsWIvU=", "comment"=>{"goal_instance_id"=>"2", "comment"=>"its a great milestone", "user_id"=>"facebook id", "timestamp"=>"1/2/2013"}, "commit"=>"Create Comment"}
  [1m[35m (0.1ms)[0m  BEGIN
  [1m[36mSQL (2.3ms)[0m  [1mINSERT INTO `comments` (`comment`, `created_at`, `goal_instance_id`, `timestamp`, `updated_at`, `user_id`) VALUES ('its a great milestone', '2013-11-12 16:21:37', '2', '1/2/2013', '2013-11-12 16:21:37', 'facebook id')[0m
  [1m[35m (91.2ms)[0m  COMMIT
Redirected to http://localhost:3000/comments/1
Completed 302 Found in 108ms (ActiveRecord: 93.7ms)


Started GET "/comments/1" for 127.0.0.1 at 2013-11-12 08:21:37 -0800
Processing by CommentsController#show as HTML
  Parameters: {"id"=>"1"}
  [1m[36mComment Load (0.4ms)[0m  [1mSELECT `comments`.* FROM `comments` WHERE `comments`.`id` = 1 LIMIT 1[0m
  Rendered comments/show.html.erb within layouts/application (1.9ms)
Completed 200 OK in 65ms (Views: 61.0ms | ActiveRecord: 0.4ms)


Started GET "/assets/holder.js" for 127.0.0.1 at 2013-11-12 08:21:37 -0800
Served asset /holder.js - 304 Not Modified (0ms)


Started GET "/assets/comments.css?body=1" for 127.0.0.1 at 2013-11-12 08:21:37 -0800
Served asset /comments.css - 304 Not Modified (0ms)


Started GET "/assets/friends.css?body=1" for 127.0.0.1 at 2013-11-12 08:21:37 -0800
Served asset /friends.css - 304 Not Modified (0ms)


Started GET "/assets/goal_instances.css?body=1" for 127.0.0.1 at 2013-11-12 08:21:37 -0800
Served asset /goal_instances.css - 304 Not Modified (0ms)


Started GET "/assets/goals.css?body=1" for 127.0.0.1 at 2013-11-12 08:21:37 -0800
Served asset /goals.css - 304 Not Modified (5ms)


Started GET "/assets/login.css?body=1" for 127.0.0.1 at 2013-11-12 08:21:37 -0800
Served asset /login.css - 304 Not Modified (0ms)


Started GET "/assets/milstones.css?body=1" for 127.0.0.1 at 2013-11-12 08:21:37 -0800
Served asset /milstones.css - 304 Not Modified (0ms)


Started GET "/assets/scaffolds.css?body=1" for 127.0.0.1 at 2013-11-12 08:21:37 -0800
Served asset /scaffolds.css - 304 Not Modified (0ms)


Started GET "/assets/users.css?body=1" for 127.0.0.1 at 2013-11-12 08:21:37 -0800
Served asset /users.css - 304 Not Modified (0ms)


Started GET "/comments" for 127.0.0.1 at 2013-11-12 08:21:39 -0800
Processing by CommentsController#index as HTML
  [1m[35mComment Load (0.4ms)[0m  SELECT `comments`.* FROM `comments` 
  Rendered comments/index.html.erb within layouts/application (1.7ms)
Completed 200 OK in 13ms (Views: 11.4ms | ActiveRecord: 0.4ms)


Started GET "/assets/holder.js" for 127.0.0.1 at 2013-11-12 08:21:39 -0800
Served asset /holder.js - 304 Not Modified (8ms)


Started GET "/assets/friends.css?body=1" for 127.0.0.1 at 2013-11-12 08:21:39 -0800
Served asset /friends.css - 304 Not Modified (0ms)


Started GET "/assets/comments.css?body=1" for 127.0.0.1 at 2013-11-12 08:21:39 -0800
Served asset /comments.css - 304 Not Modified (0ms)


Started GET "/assets/goal_instances.css?body=1" for 127.0.0.1 at 2013-11-12 08:21:39 -0800
Served asset /goal_instances.css - 304 Not Modified (0ms)


Started GET "/assets/goals.css?body=1" for 127.0.0.1 at 2013-11-12 08:21:39 -0800
Served asset /goals.css - 304 Not Modified (2ms)


Started GET "/assets/login.css?body=1" for 127.0.0.1 at 2013-11-12 08:21:39 -0800
Served asset /login.css - 304 Not Modified (0ms)


Started GET "/assets/scaffolds.css?body=1" for 127.0.0.1 at 2013-11-12 08:21:39 -0800
Served asset /scaffolds.css - 304 Not Modified (0ms)


Started GET "/assets/milstones.css?body=1" for 127.0.0.1 at 2013-11-12 08:21:40 -0800
Served asset /milstones.css - 304 Not Modified (0ms)


Started GET "/assets/users.css?body=1" for 127.0.0.1 at 2013-11-12 08:21:40 -0800
Served asset /users.css - 304 Not Modified (0ms)


Started GET "/comments/new" for 127.0.0.1 at 2013-11-12 08:21:41 -0800
Processing by CommentsController#new as HTML
  Rendered comments/_form.html.erb (6.4ms)
  Rendered comments/new.html.erb within layouts/application (7.5ms)
Completed 200 OK in 18ms (Views: 17.4ms | ActiveRecord: 0.0ms)


Started GET "/assets/holder.js" for 127.0.0.1 at 2013-11-12 08:21:41 -0800
Served asset /holder.js - 304 Not Modified (0ms)


Started GET "/assets/comments.css?body=1" for 127.0.0.1 at 2013-11-12 08:21:41 -0800
Served asset /comments.css - 304 Not Modified (0ms)


Started GET "/assets/friends.css?body=1" for 127.0.0.1 at 2013-11-12 08:21:41 -0800
Served asset /friends.css - 304 Not Modified (0ms)


Started GET "/assets/goal_instances.css?body=1" for 127.0.0.1 at 2013-11-12 08:21:41 -0800
Served asset /goal_instances.css - 304 Not Modified (0ms)


Started GET "/assets/login.css?body=1" for 127.0.0.1 at 2013-11-12 08:21:41 -0800
Served asset /login.css - 304 Not Modified (0ms)


Started GET "/assets/goals.css?body=1" for 127.0.0.1 at 2013-11-12 08:21:41 -0800
Served asset /goals.css - 304 Not Modified (5ms)


Started GET "/assets/milstones.css?body=1" for 127.0.0.1 at 2013-11-12 08:21:41 -0800
Served asset /milstones.css - 304 Not Modified (0ms)


Started GET "/assets/scaffolds.css?body=1" for 127.0.0.1 at 2013-11-12 08:21:41 -0800
Served asset /scaffolds.css - 304 Not Modified (5ms)


Started GET "/assets/users.css?body=1" for 127.0.0.1 at 2013-11-12 08:21:41 -0800
Served asset /users.css - 304 Not Modified (0ms)


Started POST "/comments" for 127.0.0.1 at 2013-11-12 08:22:06 -0800
Processing by CommentsController#create as HTML
  Parameters: {"utf8"=>"✓", "authenticity_token"=>"yctNsxXLxGrdewAcyR1+q0DRXZOukaRl/X2usmsWIvU=", "comment"=>{"goal_instance_id"=>"1", "comment"=>"its  a great milestone too", "user_id"=>"fb", "timestamp"=>"3.4.2012"}, "commit"=>"Create Comment"}
  [1m[36m (0.2ms)[0m  [1mBEGIN[0m
  [1m[35mSQL (0.4ms)[0m  INSERT INTO `comments` (`comment`, `created_at`, `goal_instance_id`, `timestamp`, `updated_at`, `user_id`) VALUES ('its a great milestone too', '2013-11-12 16:22:06', '1', '3.4.2012', '2013-11-12 16:22:06', 'fb')
  [1m[36m (75.0ms)[0m  [1mCOMMIT[0m
Redirected to http://localhost:3000/comments/2
Completed 302 Found in 79ms (ActiveRecord: 75.5ms)


Started GET "/comments/2" for 127.0.0.1 at 2013-11-12 08:22:06 -0800
Processing by CommentsController#show as HTML
  Parameters: {"id"=>"2"}
  [1m[35mComment Load (0.4ms)[0m  SELECT `comments`.* FROM `comments` WHERE `comments`.`id` = 2 LIMIT 1
  Rendered comments/show.html.erb within layouts/application (0.9ms)
Completed 200 OK in 18ms (Views: 15.9ms | ActiveRecord: 0.4ms)


Started GET "/assets/holder.js" for 127.0.0.1 at 2013-11-12 08:22:06 -0800
Served asset /holder.js - 304 Not Modified (0ms)


Started GET "/assets/comments.css?body=1" for 127.0.0.1 at 2013-11-12 08:22:06 -0800
Served asset /comments.css - 304 Not Modified (0ms)


Started GET "/assets/friends.css?body=1" for 127.0.0.1 at 2013-11-12 08:22:06 -0800
Served asset /friends.css - 304 Not Modified (0ms)


Started GET "/assets/goal_instances.css?body=1" for 127.0.0.1 at 2013-11-12 08:22:06 -0800
Served asset /goal_instances.css - 304 Not Modified (0ms)


Started GET "/assets/milstones.css?body=1" for 127.0.0.1 at 2013-11-12 08:22:06 -0800
Served asset /milstones.css - 304 Not Modified (0ms)


Started GET "/assets/goals.css?body=1" for 127.0.0.1 at 2013-11-12 08:22:06 -0800
Served asset /goals.css - 304 Not Modified (51ms)


Started GET "/assets/login.css?body=1" for 127.0.0.1 at 2013-11-12 08:22:07 -0800
Served asset /login.css - 304 Not Modified (0ms)


Started GET "/assets/users.css?body=1" for 127.0.0.1 at 2013-11-12 08:22:07 -0800
Served asset /users.css - 304 Not Modified (0ms)


Started GET "/assets/scaffolds.css?body=1" for 127.0.0.1 at 2013-11-12 08:22:07 -0800
Served asset /scaffolds.css - 304 Not Modified (0ms)


Started GET "/comments" for 127.0.0.1 at 2013-11-12 08:22:09 -0800
Processing by CommentsController#index as HTML
  [1m[36mComment Load (0.4ms)[0m  [1mSELECT `comments`.* FROM `comments` [0m
  Rendered comments/index.html.erb within layouts/application (3.1ms)
Completed 200 OK in 15ms (Views: 12.9ms | ActiveRecord: 0.4ms)


Started GET "/assets/holder.js" for 127.0.0.1 at 2013-11-12 08:22:09 -0800
Served asset /holder.js - 304 Not Modified (0ms)


Started GET "/assets/comments.css?body=1" for 127.0.0.1 at 2013-11-12 08:22:09 -0800
Served asset /comments.css - 304 Not Modified (0ms)


Started GET "/assets/friends.css?body=1" for 127.0.0.1 at 2013-11-12 08:22:09 -0800
Served asset /friends.css - 304 Not Modified (2ms)


Started GET "/assets/goal_instances.css?body=1" for 127.0.0.1 at 2013-11-12 08:22:09 -0800
Served asset /goal_instances.css - 304 Not Modified (0ms)


Started GET "/assets/goals.css?body=1" for 127.0.0.1 at 2013-11-12 08:22:09 -0800
Served asset /goals.css - 304 Not Modified (7ms)


Started GET "/assets/login.css?body=1" for 127.0.0.1 at 2013-11-12 08:22:09 -0800
Served asset /login.css - 304 Not Modified (0ms)


Started GET "/assets/milstones.css?body=1" for 127.0.0.1 at 2013-11-12 08:22:09 -0800
Served asset /milstones.css - 304 Not Modified (0ms)


Started GET "/assets/scaffolds.css?body=1" for 127.0.0.1 at 2013-11-12 08:22:09 -0800
Served asset /scaffolds.css - 304 Not Modified (0ms)


Started GET "/assets/users.css?body=1" for 127.0.0.1 at 2013-11-12 08:22:09 -0800
Served asset /users.css - 304 Not Modified (2ms)
Connecting to database specified by database.yml
  [1m[36m (1.9ms)[0m  [1mSELECT `schema_migrations`.`version` FROM `schema_migrations` [0m
  [1m[35mSQL (58.7ms)[0m  DELETE FROM `goals`
  [1m[36mSQL (55.8ms)[0m  [1mDELETE FROM `users`[0m
  [1m[35mSQL (59.2ms)[0m  DELETE FROM `goal_instances`
  [1m[36m (0.1ms)[0m  [1mBEGIN[0m
  [1m[35mSQL (0.4ms)[0m  INSERT INTO `milstones` (`created_at`, `description`, `goal_instance`, `no_of_days`, `title`, `updated_at`) VALUES ('2013-11-12 16:44:03', 'trav', 3, 4, 'go to italy', '2013-11-12 16:44:03')
  [1m[36m (49.0ms)[0m  [1mCOMMIT[0m
Connecting to database specified by database.yml
  [1m[36m (1.7ms)[0m  [1mSELECT `schema_migrations`.`version` FROM `schema_migrations` [0m
  [1m[35mSQL (0.3ms)[0m  DELETE FROM `goals`
  [1m[36mSQL (0.3ms)[0m  [1mDELETE FROM `users`[0m
  [1m[35mSQL (0.2ms)[0m  DELETE FROM `goal_instances`
  [1m[36m (0.1ms)[0m  [1mBEGIN[0m
  [1m[35mSQL (0.3ms)[0m  INSERT INTO `milstones` (`created_at`, `description`, `goal_instance`, `no_of_days`, `title`, `updated_at`) VALUES ('2013-11-12 16:44:46', 'trav', 3, 4, 'go to italy', '2013-11-12 16:44:46')
  [1m[36m (57.4ms)[0m  [1mCOMMIT[0m
  [1m[35m (0.1ms)[0m  BEGIN
  [1m[36mSQL (0.4ms)[0m  [1mINSERT INTO `goal_instances` (`Milestones`, `cheer_ons`, `created_at`, `end_date`, `goal_id`, `is_complete`, `start_date`, `updated_at`, `user_id`) VALUES (NULL, 8, '2013-11-12 16:44:46', '2013-10-16', NULL, 0, '2013-10-14', '2013-11-12 16:44:46', NULL)[0m
  [1m[35m (58.9ms)[0m  COMMIT
  [1m[36m (0.1ms)[0m  [1mBEGIN[0m
  [1m[35mSQL (0.3ms)[0m  INSERT INTO `goal_instances` (`Milestones`, `cheer_ons`, `created_at`, `end_date`, `goal_id`, `is_complete`, `start_date`, `updated_at`, `user_id`) VALUES (NULL, 15, '2013-11-12 16:44:46', '2013-11-09', NULL, 1, '2013-10-29', '2013-11-12 16:44:46', NULL)
  [1m[36m (53.0ms)[0m  [1mCOMMIT[0m
  [1m[35m (0.1ms)[0m  BEGIN
  [1m[36mSQL (0.4ms)[0m  [1mINSERT INTO `goal_instances` (`Milestones`, `cheer_ons`, `created_at`, `end_date`, `goal_id`, `is_complete`, `start_date`, `updated_at`, `user_id`) VALUES (NULL, 10, '2013-11-12 16:44:46', '2013-11-10', NULL, 1, '2013-11-01', '2013-11-12 16:44:46', NULL)[0m
  [1m[35m (41.6ms)[0m  COMMIT
  [1m[36m (0.1ms)[0m  [1mBEGIN[0m
  [1m[35mSQL (0.3ms)[0m  INSERT INTO `goal_instances` (`Milestones`, `cheer_ons`, `created_at`, `end_date`, `goal_id`, `is_complete`, `start_date`, `updated_at`, `user_id`) VALUES (NULL, 3, '2013-11-12 16:44:46', '2013-11-20', NULL, 1, '2013-10-30', '2013-11-12 16:44:46', NULL)
  [1m[36m (42.2ms)[0m  [1mCOMMIT[0m
  [1m[35m (0.2ms)[0m  BEGIN
  [1m[36mSQL (0.4ms)[0m  [1mINSERT INTO `goal_instances` (`Milestones`, `cheer_ons`, `created_at`, `end_date`, `goal_id`, `is_complete`, `start_date`, `updated_at`, `user_id`) VALUES (NULL, 7, '2013-11-12 16:44:46', '2013-11-06', NULL, 1, '2013-10-16', '2013-11-12 16:44:46', NULL)[0m
  [1m[35m (51.9ms)[0m  COMMIT
  [1m[36m (0.2ms)[0m  [1mBEGIN[0m
  [1m[35mSQL (0.4ms)[0m  INSERT INTO `goal_instances` (`Milestones`, `cheer_ons`, `created_at`, `end_date`, `goal_id`, `is_complete`, `start_date`, `updated_at`, `user_id`) VALUES (NULL, 9, '2013-11-12 16:44:46', '2013-11-01', NULL, 1, '2013-10-28', '2013-11-12 16:44:46', NULL)
  [1m[36m (29.6ms)[0m  [1mCOMMIT[0m
  [1m[35m (0.1ms)[0m  BEGIN
  [1m[36mSQL (0.3ms)[0m  [1mINSERT INTO `goal_instances` (`Milestones`, `cheer_ons`, `created_at`, `end_date`, `goal_id`, `is_complete`, `start_date`, `updated_at`, `user_id`) VALUES (NULL, 8, '2013-11-12 16:44:46', '2013-11-22', NULL, 1, '2013-10-27', '2013-11-12 16:44:46', NULL)[0m
  [1m[35m (31.2ms)[0m  COMMIT
  [1m[36m (0.1ms)[0m  [1mBEGIN[0m
  [1m[35mSQL (0.3ms)[0m  INSERT INTO `goal_instances` (`Milestones`, `cheer_ons`, `created_at`, `end_date`, `goal_id`, `is_complete`, `start_date`, `updated_at`, `user_id`) VALUES (NULL, 1, '2013-11-12 16:44:46', '2013-11-08', NULL, 0, '2013-10-23', '2013-11-12 16:44:46', NULL)
  [1m[36m (31.4ms)[0m  [1mCOMMIT[0m
  [1m[35m (0.1ms)[0m  BEGIN
  [1m[36mSQL (0.3ms)[0m  [1mINSERT INTO `goal_instances` (`Milestones`, `cheer_ons`, `created_at`, `end_date`, `goal_id`, `is_complete`, `start_date`, `updated_at`, `user_id`) VALUES (NULL, 15, '2013-11-12 16:44:47', '2013-11-08', NULL, 1, '2013-10-21', '2013-11-12 16:44:47', NULL)[0m
  [1m[35m (30.5ms)[0m  COMMIT
  [1m[36m (0.2ms)[0m  [1mBEGIN[0m
  [1m[35mSQL (0.3ms)[0m  INSERT INTO `goal_instances` (`Milestones`, `cheer_ons`, `created_at`, `end_date`, `goal_id`, `is_complete`, `start_date`, `updated_at`, `user_id`) VALUES (NULL, 5, '2013-11-12 16:44:47', '2013-11-02', NULL, 1, '2013-10-28', '2013-11-12 16:44:47', NULL)
  [1m[36m (30.8ms)[0m  [1mCOMMIT[0m
  [1m[35m (0.1ms)[0m  BEGIN
  [1m[36mSQL (0.3ms)[0m  [1mINSERT INTO `goal_instances` (`Milestones`, `cheer_ons`, `created_at`, `end_date`, `goal_id`, `is_complete`, `start_date`, `updated_at`, `user_id`) VALUES (NULL, 4, '2013-11-12 16:44:47', '2013-11-17', NULL, 1, '2013-11-01', '2013-11-12 16:44:47', NULL)[0m
  [1m[35m (42.6ms)[0m  COMMIT
  [1m[36m (0.1ms)[0m  [1mBEGIN[0m
  [1m[35mSQL (0.2ms)[0m  INSERT INTO `goal_instances` (`Milestones`, `cheer_ons`, `created_at`, `end_date`, `goal_id`, `is_complete`, `start_date`, `updated_at`, `user_id`) VALUES (NULL, 11, '2013-11-12 16:44:47', '2013-10-27', NULL, 0, '2013-10-15', '2013-11-12 16:44:47', NULL)
  [1m[36m (42.6ms)[0m  [1mCOMMIT[0m
  [1m[35m (0.1ms)[0m  BEGIN
  [1m[36mSQL (0.3ms)[0m  [1mINSERT INTO `goal_instances` (`Milestones`, `cheer_ons`, `created_at`, `end_date`, `goal_id`, `is_complete`, `start_date`, `updated_at`, `user_id`) VALUES (NULL, 9, '2013-11-12 16:44:47', '2013-11-18', NULL, 1, '2013-11-06', '2013-11-12 16:44:47', NULL)[0m
  [1m[35m (42.5ms)[0m  COMMIT
  [1m[36m (0.1ms)[0m  [1mBEGIN[0m
  [1m[35mSQL (0.3ms)[0m  INSERT INTO `goal_instances` (`Milestones`, `cheer_ons`, `created_at`, `end_date`, `goal_id`, `is_complete`, `start_date`, `updated_at`, `user_id`) VALUES (NULL, 8, '2013-11-12 16:44:47', '2013-11-09', NULL, 0, '2013-10-19', '2013-11-12 16:44:47', NULL)
  [1m[36m (42.5ms)[0m  [1mCOMMIT[0m
  [1m[35m (0.1ms)[0m  BEGIN
  [1m[36mSQL (0.3ms)[0m  [1mINSERT INTO `goal_instances` (`Milestones`, `cheer_ons`, `created_at`, `end_date`, `goal_id`, `is_complete`, `start_date`, `updated_at`, `user_id`) VALUES (NULL, 5, '2013-11-12 16:44:47', '2013-11-21', NULL, 0, '2013-10-24', '2013-11-12 16:44:47', NULL)[0m
  [1m[35m (42.6ms)[0m  COMMIT
  [1m[36m (0.1ms)[0m  [1mBEGIN[0m
  [1m[35mSQL (0.3ms)[0m  INSERT INTO `goal_instances` (`Milestones`, `cheer_ons`, `created_at`, `end_date`, `goal_id`, `is_complete`, `start_date`, `updated_at`, `user_id`) VALUES (NULL, 3, '2013-11-12 16:44:47', '2013-11-03', NULL, 0, '2013-10-24', '2013-11-12 16:44:47', NULL)
  [1m[36m (42.2ms)[0m  [1mCOMMIT[0m
  [1m[35m (0.1ms)[0m  BEGIN
  [1m[36mSQL (0.3ms)[0m  [1mINSERT INTO `goal_instances` (`Milestones`, `cheer_ons`, `created_at`, `end_date`, `goal_id`, `is_complete`, `start_date`, `updated_at`, `user_id`) VALUES (NULL, 7, '2013-11-12 16:44:47', '2013-11-27', NULL, 1, '2013-11-03', '2013-11-12 16:44:47', NULL)[0m
  [1m[35m (42.3ms)[0m  COMMIT
  [1m[36m (0.1ms)[0m  [1mBEGIN[0m
  [1m[35mSQL (0.3ms)[0m  INSERT INTO `goal_instances` (`Milestones`, `cheer_ons`, `created_at`, `end_date`, `goal_id`, `is_complete`, `start_date`, `updated_at`, `user_id`) VALUES (NULL, 15, '2013-11-12 16:44:47', '2013-11-28', NULL, 1, '2013-11-12', '2013-11-12 16:44:47', NULL)
  [1m[36m (42.0ms)[0m  [1mCOMMIT[0m
  [1m[35m (0.1ms)[0m  BEGIN
  [1m[36mSQL (0.3ms)[0m  [1mINSERT INTO `goal_instances` (`Milestones`, `cheer_ons`, `created_at`, `end_date`, `goal_id`, `is_complete`, `start_date`, `updated_at`, `user_id`) VALUES (NULL, 11, '2013-11-12 16:44:47', '2013-10-20', NULL, 1, '2013-10-19', '2013-11-12 16:44:47', NULL)[0m
  [1m[35m (42.3ms)[0m  COMMIT
  [1m[36m (0.1ms)[0m  [1mBEGIN[0m
  [1m[35mSQL (0.4ms)[0m  INSERT INTO `goal_instances` (`Milestones`, `cheer_ons`, `created_at`, `end_date`, `goal_id`, `is_complete`, `start_date`, `updated_at`, `user_id`) VALUES (NULL, 14, '2013-11-12 16:44:47', '2013-10-25', NULL, 0, '2013-10-20', '2013-11-12 16:44:47', NULL)
  [1m[36m (41.9ms)[0m  [1mCOMMIT[0m
  [1m[35m (0.2ms)[0m  BEGIN
  [1m[36mSQL (0.4ms)[0m  [1mINSERT INTO `goal_instances` (`Milestones`, `cheer_ons`, `created_at`, `end_date`, `goal_id`, `is_complete`, `start_date`, `updated_at`, `user_id`) VALUES (NULL, 8, '2013-11-12 16:44:47', '2013-11-28', NULL, 1, '2013-11-12', '2013-11-12 16:44:47', NULL)[0m
  [1m[35m (40.8ms)[0m  COMMIT
  [1m[36m (0.1ms)[0m  [1mBEGIN[0m
  [1m[35mSQL (0.3ms)[0m  INSERT INTO `goal_instances` (`Milestones`, `cheer_ons`, `created_at`, `end_date`, `goal_id`, `is_complete`, `start_date`, `updated_at`, `user_id`) VALUES (NULL, 2, '2013-11-12 16:44:47', '2013-11-26', NULL, 0, '2013-10-30', '2013-11-12 16:44:47', NULL)
  [1m[36m (42.3ms)[0m  [1mCOMMIT[0m
  [1m[35m (0.1ms)[0m  BEGIN
  [1m[36mSQL (0.3ms)[0m  [1mINSERT INTO `goal_instances` (`Milestones`, `cheer_ons`, `created_at`, `end_date`, `goal_id`, `is_complete`, `start_date`, `updated_at`, `user_id`) VALUES (NULL, 5, '2013-11-12 16:44:47', '2013-11-14', NULL, 1, '2013-11-10', '2013-11-12 16:44:47', NULL)[0m
  [1m[35m (42.5ms)[0m  COMMIT
  [1m[36m (0.2ms)[0m  [1mBEGIN[0m
  [1m[35mSQL (0.4ms)[0m  INSERT INTO `goal_instances` (`Milestones`, `cheer_ons`, `created_at`, `end_date`, `goal_id`, `is_complete`, `start_date`, `updated_at`, `user_id`) VALUES (NULL, 7, '2013-11-12 16:44:47', '2013-10-27', NULL, 1, '2013-10-22', '2013-11-12 16:44:47', NULL)
  [1m[36m (29.7ms)[0m  [1mCOMMIT[0m
  [1m[35m (0.2ms)[0m  BEGIN
  [1m[36mSQL (0.4ms)[0m  [1mINSERT INTO `goal_instances` (`Milestones`, `cheer_ons`, `created_at`, `end_date`, `goal_id`, `is_complete`, `start_date`, `updated_at`, `user_id`) VALUES (NULL, 12, '2013-11-12 16:44:47', '2013-11-21', NULL, 1, '2013-10-30', '2013-11-12 16:44:47', NULL)[0m
  [1m[35m (30.0ms)[0m  COMMIT
  [1m[36m (0.2ms)[0m  [1mBEGIN[0m
  [1m[35mSQL (0.4ms)[0m  INSERT INTO `goal_instances` (`Milestones`, `cheer_ons`, `created_at`, `end_date`, `goal_id`, `is_complete`, `start_date`, `updated_at`, `user_id`) VALUES (NULL, 14, '2013-11-12 16:44:47', '2013-11-14', NULL, 1, '2013-10-30', '2013-11-12 16:44:47', NULL)
  [1m[36m (31.1ms)[0m  [1mCOMMIT[0m
  [1m[35m (0.1ms)[0m  BEGIN
  [1m[36mSQL (0.4ms)[0m  [1mINSERT INTO `goal_instances` (`Milestones`, `cheer_ons`, `created_at`, `end_date`, `goal_id`, `is_complete`, `start_date`, `updated_at`, `user_id`) VALUES (NULL, 9, '2013-11-12 16:44:47', '2013-10-22', NULL, 0, '2013-10-17', '2013-11-12 16:44:47', NULL)[0m
  [1m[35m (30.1ms)[0m  COMMIT
  [1m[36m (0.1ms)[0m  [1mBEGIN[0m
  [1m[35mSQL (0.3ms)[0m  INSERT INTO `goal_instances` (`Milestones`, `cheer_ons`, `created_at`, `end_date`, `goal_id`, `is_complete`, `start_date`, `updated_at`, `user_id`) VALUES (NULL, 7, '2013-11-12 16:44:47', '2013-11-03', NULL, 1, '2013-10-30', '2013-11-12 16:44:47', NULL)
  [1m[36m (31.1ms)[0m  [1mCOMMIT[0m
  [1m[35m (0.1ms)[0m  BEGIN
  [1m[36mSQL (0.4ms)[0m  [1mINSERT INTO `goal_instances` (`Milestones`, `cheer_ons`, `created_at`, `end_date`, `goal_id`, `is_complete`, `start_date`, `updated_at`, `user_id`) VALUES (NULL, 7, '2013-11-12 16:44:47', '2013-12-02', NULL, 1, '2013-11-12', '2013-11-12 16:44:47', NULL)[0m
  [1m[35m (30.7ms)[0m  COMMIT
  [1m[36m (0.2ms)[0m  [1mBEGIN[0m
  [1m[35mSQL (0.4ms)[0m  INSERT INTO `goal_instances` (`Milestones`, `cheer_ons`, `created_at`, `end_date`, `goal_id`, `is_complete`, `start_date`, `updated_at`, `user_id`) VALUES (NULL, 12, '2013-11-12 16:44:47', '2013-11-21', NULL, 1, '2013-11-05', '2013-11-12 16:44:47', NULL)
  [1m[36m (30.0ms)[0m  [1mCOMMIT[0m
  [1m[35m (0.2ms)[0m  BEGIN
  [1m[36mSQL (0.4ms)[0m  [1mINSERT INTO `goal_instances` (`Milestones`, `cheer_ons`, `created_at`, `end_date`, `goal_id`, `is_complete`, `start_date`, `updated_at`, `user_id`) VALUES (NULL, 2, '2013-11-12 16:44:47', '2013-11-12', NULL, 1, '2013-11-12', '2013-11-12 16:44:47', NULL)[0m
  [1m[35m (29.8ms)[0m  COMMIT
  [1m[36m (0.2ms)[0m  [1mBEGIN[0m
  [1m[35mSQL (0.4ms)[0m  INSERT INTO `goal_instances` (`Milestones`, `cheer_ons`, `created_at`, `end_date`, `goal_id`, `is_complete`, `start_date`, `updated_at`, `user_id`) VALUES (NULL, 11, '2013-11-12 16:44:47', '2013-11-16', NULL, 1, '2013-10-22', '2013-11-12 16:44:47', NULL)
  [1m[36m (29.8ms)[0m  [1mCOMMIT[0m
  [1m[35m (0.2ms)[0m  BEGIN
  [1m[36mSQL (0.4ms)[0m  [1mINSERT INTO `goal_instances` (`Milestones`, `cheer_ons`, `created_at`, `end_date`, `goal_id`, `is_complete`, `start_date`, `updated_at`, `user_id`) VALUES (NULL, 4, '2013-11-12 16:44:47', '2013-11-16', NULL, 0, '2013-11-04', '2013-11-12 16:44:47', NULL)[0m
  [1m[35m (40.8ms)[0m  COMMIT
  [1m[36m (0.2ms)[0m  [1mBEGIN[0m
  [1m[35mSQL (0.4ms)[0m  INSERT INTO `goal_instances` (`Milestones`, `cheer_ons`, `created_at`, `end_date`, `goal_id`, `is_complete`, `start_date`, `updated_at`, `user_id`) VALUES (NULL, 13, '2013-11-12 16:44:48', '2013-11-08', NULL, 1, '2013-11-07', '2013-11-12 16:44:48', NULL)
  [1m[36m (29.6ms)[0m  [1mCOMMIT[0m
  [1m[35m (0.1ms)[0m  BEGIN
  [1m[36mSQL (0.3ms)[0m  [1mINSERT INTO `goal_instances` (`Milestones`, `cheer_ons`, `created_at`, `end_date`, `goal_id`, `is_complete`, `start_date`, `updated_at`, `user_id`) VALUES (NULL, 14, '2013-11-12 16:44:48', '2013-11-21', NULL, 1, '2013-11-11', '2013-11-12 16:44:48', NULL)[0m
  [1m[35m (31.2ms)[0m  COMMIT
  [1m[36m (0.1ms)[0m  [1mBEGIN[0m
  [1m[35mSQL (0.3ms)[0m  INSERT INTO `goal_instances` (`Milestones`, `cheer_ons`, `created_at`, `end_date`, `goal_id`, `is_complete`, `start_date`, `updated_at`, `user_id`) VALUES (NULL, 11, '2013-11-12 16:44:48', '2013-11-22', NULL, 1, '2013-11-02', '2013-11-12 16:44:48', NULL)
  [1m[36m (31.5ms)[0m  [1mCOMMIT[0m
  [1m[35m (0.1ms)[0m  BEGIN
  [1m[36mSQL (0.2ms)[0m  [1mINSERT INTO `goal_instances` (`Milestones`, `cheer_ons`, `created_at`, `end_date`, `goal_id`, `is_complete`, `start_date`, `updated_at`, `user_id`) VALUES (NULL, 10, '2013-11-12 16:44:48', '2013-11-10', NULL, 0, '2013-10-18', '2013-11-12 16:44:48', NULL)[0m
  [1m[35m (31.4ms)[0m  COMMIT
  [1m[36m (0.1ms)[0m  [1mBEGIN[0m
  [1m[35mSQL (0.2ms)[0m  INSERT INTO `goal_instances` (`Milestones`, `cheer_ons`, `created_at`, `end_date`, `goal_id`, `is_complete`, `start_date`, `updated_at`, `user_id`) VALUES (NULL, 9, '2013-11-12 16:44:48', '2013-11-17', NULL, 1, '2013-11-07', '2013-11-12 16:44:48', NULL)
  [1m[36m (31.6ms)[0m  [1mCOMMIT[0m
  [1m[35m (0.1ms)[0m  BEGIN
  [1m[36mSQL (0.3ms)[0m  [1mINSERT INTO `goal_instances` (`Milestones`, `cheer_ons`, `created_at`, `end_date`, `goal_id`, `is_complete`, `start_date`, `updated_at`, `user_id`) VALUES (NULL, 5, '2013-11-12 16:44:48', '2013-11-13', NULL, 0, '2013-10-24', '2013-11-12 16:44:48', NULL)[0m
  [1m[35m (31.4ms)[0m  COMMIT
  [1m[36m (0.1ms)[0m  [1mBEGIN[0m
  [1m[35mSQL (0.3ms)[0m  INSERT INTO `goal_instances` (`Milestones`, `cheer_ons`, `created_at`, `end_date`, `goal_id`, `is_complete`, `start_date`, `updated_at`, `user_id`) VALUES (NULL, 7, '2013-11-12 16:44:48', '2013-11-16', NULL, 1, '2013-11-08', '2013-11-12 16:44:48', NULL)
  [1m[36m (31.5ms)[0m  [1mCOMMIT[0m
  [1m[35m (0.1ms)[0m  BEGIN
  [1m[36mSQL (0.2ms)[0m  [1mINSERT INTO `goal_instances` (`Milestones`, `cheer_ons`, `created_at`, `end_date`, `goal_id`, `is_complete`, `start_date`, `updated_at`, `user_id`) VALUES (NULL, 12, '2013-11-12 16:44:48', '2013-11-02', NULL, 1, '2013-10-28', '2013-11-12 16:44:48', NULL)[0m
  [1m[35m (31.7ms)[0m  COMMIT
  [1m[36m (0.1ms)[0m  [1mBEGIN[0m
  [1m[35mSQL (0.3ms)[0m  INSERT INTO `goal_instances` (`Milestones`, `cheer_ons`, `created_at`, `end_date`, `goal_id`, `is_complete`, `start_date`, `updated_at`, `user_id`) VALUES (NULL, 7, '2013-11-12 16:44:48', '2013-10-24', NULL, 1, '2013-10-18', '2013-11-12 16:44:48', NULL)
  [1m[36m (31.2ms)[0m  [1mCOMMIT[0m
  [1m[35m (0.1ms)[0m  BEGIN
  [1m[36mSQL (0.3ms)[0m  [1mINSERT INTO `goal_instances` (`Milestones`, `cheer_ons`, `created_at`, `end_date`, `goal_id`, `is_complete`, `start_date`, `updated_at`, `user_id`) VALUES (NULL, 0, '2013-11-12 16:44:48', '2013-11-01', NULL, 1, '2013-10-19', '2013-11-12 16:44:48', NULL)[0m
  [1m[35m (31.3ms)[0m  COMMIT
  [1m[36m (0.1ms)[0m  [1mBEGIN[0m
  [1m[35mSQL (0.3ms)[0m  INSERT INTO `goal_instances` (`Milestones`, `cheer_ons`, `created_at`, `end_date`, `goal_id`, `is_complete`, `start_date`, `updated_at`, `user_id`) VALUES (NULL, 10, '2013-11-12 16:44:48', '2013-11-09', NULL, 0, '2013-10-29', '2013-11-12 16:44:48', NULL)
  [1m[36m (31.2ms)[0m  [1mCOMMIT[0m
  [1m[35m (0.2ms)[0m  BEGIN
  [1m[36mSQL (0.4ms)[0m  [1mINSERT INTO `goal_instances` (`Milestones`, `cheer_ons`, `created_at`, `end_date`, `goal_id`, `is_complete`, `start_date`, `updated_at`, `user_id`) VALUES (NULL, 11, '2013-11-12 16:44:48', '2013-10-29', NULL, 0, '2013-10-21', '2013-11-12 16:44:48', NULL)[0m
  [1m[35m (40.8ms)[0m  COMMIT
  [1m[36m (0.2ms)[0m  [1mBEGIN[0m
  [1m[35mSQL (0.4ms)[0m  INSERT INTO `goal_instances` (`Milestones`, `cheer_ons`, `created_at`, `end_date`, `goal_id`, `is_complete`, `start_date`, `updated_at`, `user_id`) VALUES (NULL, 11, '2013-11-12 16:44:48', '2013-11-11', NULL, 1, '2013-11-09', '2013-11-12 16:44:48', NULL)
  [1m[36m (30.2ms)[0m  [1mCOMMIT[0m
  [1m[35m (0.2ms)[0m  BEGIN
  [1m[36mSQL (0.4ms)[0m  [1mINSERT INTO `goal_instances` (`Milestones`, `cheer_ons`, `created_at`, `end_date`, `goal_id`, `is_complete`, `start_date`, `updated_at`, `user_id`) VALUES (NULL, 4, '2013-11-12 16:44:48', '2013-10-31', NULL, 1, '2013-10-21', '2013-11-12 16:44:48', NULL)[0m
  [1m[35m (40.9ms)[0m  COMMIT
  [1m[36m (0.2ms)[0m  [1mBEGIN[0m
  [1m[35mSQL (0.4ms)[0m  INSERT INTO `goal_instances` (`Milestones`, `cheer_ons`, `created_at`, `end_date`, `goal_id`, `is_complete`, `start_date`, `updated_at`, `user_id`) VALUES (NULL, 9, '2013-11-12 16:44:48', '2013-11-05', NULL, 1, '2013-10-27', '2013-11-12 16:44:48', NULL)
  [1m[36m (29.9ms)[0m  [1mCOMMIT[0m
  [1m[35m (0.2ms)[0m  BEGIN
  [1m[36mSQL (0.4ms)[0m  [1mINSERT INTO `goal_instances` (`Milestones`, `cheer_ons`, `created_at`, `end_date`, `goal_id`, `is_complete`, `start_date`, `updated_at`, `user_id`) VALUES (NULL, 2, '2013-11-12 16:44:48', '2013-11-26', NULL, 1, '2013-10-29', '2013-11-12 16:44:48', NULL)[0m
  [1m[35m (29.9ms)[0m  COMMIT
  [1m[36m (0.2ms)[0m  [1mBEGIN[0m
  [1m[35mSQL (0.4ms)[0m  INSERT INTO `goal_instances` (`Milestones`, `cheer_ons`, `created_at`, `end_date`, `goal_id`, `is_complete`, `start_date`, `updated_at`, `user_id`) VALUES (NULL, 2, '2013-11-12 16:44:48', '2013-11-30', NULL, 1, '2013-11-07', '2013-11-12 16:44:48', NULL)
  [1m[36m (29.8ms)[0m  [1mCOMMIT[0m
  [1m[35m (0.2ms)[0m  BEGIN
  [1m[36mSQL (0.4ms)[0m  [1mINSERT INTO `goal_instances` (`Milestones`, `cheer_ons`, `created_at`, `end_date`, `goal_id`, `is_complete`, `start_date`, `updated_at`, `user_id`) VALUES (NULL, 15, '2013-11-12 16:44:48', '2013-11-01', NULL, 0, '2013-10-14', '2013-11-12 16:44:48', NULL)[0m
  [1m[35m (29.7ms)[0m  COMMIT
  [1m[36m (0.2ms)[0m  [1mBEGIN[0m
  [1m[35mSQL (0.4ms)[0m  INSERT INTO `goal_instances` (`Milestones`, `cheer_ons`, `created_at`, `end_date`, `goal_id`, `is_complete`, `start_date`, `updated_at`, `user_id`) VALUES (NULL, 8, '2013-11-12 16:44:48', '2013-11-07', NULL, 1, '2013-10-31', '2013-11-12 16:44:48', NULL)
  [1m[36m (40.9ms)[0m  [1mCOMMIT[0m
  [1m[35m (0.2ms)[0m  BEGIN
  [1m[36mSQL (0.3ms)[0m  [1mINSERT INTO `goal_instances` (`Milestones`, `cheer_ons`, `created_at`, `end_date`, `goal_id`, `is_complete`, `start_date`, `updated_at`, `user_id`) VALUES (NULL, 10, '2013-11-12 16:44:48', '2013-11-03', NULL, 1, '2013-10-26', '2013-11-12 16:44:48', NULL)[0m
  [1m[35m (30.3ms)[0m  COMMIT
  [1m[36m (0.1ms)[0m  [1mBEGIN[0m
  [1m[35mSQL (0.3ms)[0m  INSERT INTO `goal_instances` (`Milestones`, `cheer_ons`, `created_at`, `end_date`, `goal_id`, `is_complete`, `start_date`, `updated_at`, `user_id`) VALUES (NULL, 0, '2013-11-12 16:44:48', '2013-11-09', NULL, 1, '2013-10-18', '2013-11-12 16:44:48', NULL)
  [1m[36m (42.6ms)[0m  [1mCOMMIT[0m
  [1m[35m (0.1ms)[0m  BEGIN
  [1m[36mSQL (0.3ms)[0m  [1mINSERT INTO `goal_instances` (`Milestones`, `cheer_ons`, `created_at`, `end_date`, `goal_id`, `is_complete`, `start_date`, `updated_at`, `user_id`) VALUES (NULL, 0, '2013-11-12 16:44:48', '2013-11-19', NULL, 1, '2013-10-23', '2013-11-12 16:44:48', NULL)[0m
  [1m[35m (42.6ms)[0m  COMMIT
  [1m[36m (0.1ms)[0m  [1mBEGIN[0m
  [1m[35mSQL (0.3ms)[0m  INSERT INTO `goal_instances` (`Milestones`, `cheer_ons`, `created_at`, `end_date`, `goal_id`, `is_complete`, `start_date`, `updated_at`, `user_id`) VALUES (NULL, 2, '2013-11-12 16:44:48', '2013-11-17', NULL, 1, '2013-11-03', '2013-11-12 16:44:48', NULL)
  [1m[36m (41.9ms)[0m  [1mCOMMIT[0m
  [1m[35m (0.1ms)[0m  BEGIN
  [1m[36mSQL (0.3ms)[0m  [1mINSERT INTO `goal_instances` (`Milestones`, `cheer_ons`, `created_at`, `end_date`, `goal_id`, `is_complete`, `start_date`, `updated_at`, `user_id`) VALUES (NULL, 12, '2013-11-12 16:44:48', '2013-10-18', NULL, 0, '2013-10-18', '2013-11-12 16:44:48', NULL)[0m
  [1m[35m (41.9ms)[0m  COMMIT
  [1m[36m (0.1ms)[0m  [1mBEGIN[0m
  [1m[35mSQL (0.3ms)[0m  INSERT INTO `goal_instances` (`Milestones`, `cheer_ons`, `created_at`, `end_date`, `goal_id`, `is_complete`, `start_date`, `updated_at`, `user_id`) VALUES (NULL, 10, '2013-11-12 16:44:48', '2013-10-25', NULL, 1, '2013-10-20', '2013-11-12 16:44:48', NULL)
  [1m[36m (42.0ms)[0m  [1mCOMMIT[0m
  [1m[35m (0.1ms)[0m  BEGIN
  [1m[36mSQL (0.3ms)[0m  [1mINSERT INTO `goal_instances` (`Milestones`, `cheer_ons`, `created_at`, `end_date`, `goal_id`, `is_complete`, `start_date`, `updated_at`, `user_id`) VALUES (NULL, 5, '2013-11-12 16:44:48', '2013-11-30', NULL, 0, '2013-11-04', '2013-11-12 16:44:48', NULL)[0m
  [1m[35m (42.2ms)[0m  COMMIT
  [1m[36m (0.1ms)[0m  [1mBEGIN[0m
  [1m[35mSQL (0.3ms)[0m  INSERT INTO `goal_instances` (`Milestones`, `cheer_ons`, `created_at`, `end_date`, `goal_id`, `is_complete`, `start_date`, `updated_at`, `user_id`) VALUES (NULL, 12, '2013-11-12 16:44:48', '2013-11-15', NULL, 1, '2013-10-27', '2013-11-12 16:44:48', NULL)
  [1m[36m (42.2ms)[0m  [1mCOMMIT[0m
  [1m[35m (0.1ms)[0m  BEGIN
  [1m[36mSQL (0.3ms)[0m  [1mINSERT INTO `goal_instances` (`Milestones`, `cheer_ons`, `created_at`, `end_date`, `goal_id`, `is_complete`, `start_date`, `updated_at`, `user_id`) VALUES (NULL, 13, '2013-11-12 16:44:49', '2013-11-06', NULL, 1, '2013-11-03', '2013-11-12 16:44:49', NULL)[0m
  [1m[35m (42.2ms)[0m  COMMIT
  [1m[36m (0.1ms)[0m  [1mBEGIN[0m
  [1m[35mSQL (0.3ms)[0m  INSERT INTO `goal_instances` (`Milestones`, `cheer_ons`, `created_at`, `end_date`, `goal_id`, `is_complete`, `start_date`, `updated_at`, `user_id`) VALUES (NULL, 13, '2013-11-12 16:44:49', '2013-11-05', NULL, 0, '2013-10-14', '2013-11-12 16:44:49', NULL)
  [1m[36m (42.3ms)[0m  [1mCOMMIT[0m
  [1m[35m (0.1ms)[0m  BEGIN
  [1m[36mSQL (0.3ms)[0m  [1mINSERT INTO `goal_instances` (`Milestones`, `cheer_ons`, `created_at`, `end_date`, `goal_id`, `is_complete`, `start_date`, `updated_at`, `user_id`) VALUES (NULL, 6, '2013-11-12 16:44:49', '2013-11-03', NULL, 1, '2013-10-25', '2013-11-12 16:44:49', NULL)[0m
  [1m[35m (42.3ms)[0m  COMMIT
  [1m[36m (0.1ms)[0m  [1mBEGIN[0m
  [1m[35mSQL (0.3ms)[0m  INSERT INTO `goal_instances` (`Milestones`, `cheer_ons`, `created_at`, `end_date`, `goal_id`, `is_complete`, `start_date`, `updated_at`, `user_id`) VALUES (NULL, 10, '2013-11-12 16:44:49', '2013-11-09', NULL, 0, '2013-10-26', '2013-11-12 16:44:49', NULL)
  [1m[36m (31.4ms)[0m  [1mCOMMIT[0m
  [1m[35m (0.1ms)[0m  BEGIN
  [1m[36mSQL (0.3ms)[0m  [1mINSERT INTO `goal_instances` (`Milestones`, `cheer_ons`, `created_at`, `end_date`, `goal_id`, `is_complete`, `start_date`, `updated_at`, `user_id`) VALUES (NULL, 10, '2013-11-12 16:44:49', '2013-11-11', NULL, 1, '2013-10-28', '2013-11-12 16:44:49', NULL)[0m
  [1m[35m (31.5ms)[0m  COMMIT
  [1m[36m (0.1ms)[0m  [1mBEGIN[0m
  [1m[35mSQL (0.3ms)[0m  INSERT INTO `goal_instances` (`Milestones`, `cheer_ons`, `created_at`, `end_date`, `goal_id`, `is_complete`, `start_date`, `updated_at`, `user_id`) VALUES (NULL, 5, '2013-11-12 16:44:49', '2013-11-16', NULL, 0, '2013-10-18', '2013-11-12 16:44:49', NULL)
  [1m[36m (31.5ms)[0m  [1mCOMMIT[0m
  [1m[35m (0.1ms)[0m  BEGIN
  [1m[36mSQL (0.3ms)[0m  [1mINSERT INTO `goal_instances` (`Milestones`, `cheer_ons`, `created_at`, `end_date`, `goal_id`, `is_complete`, `start_date`, `updated_at`, `user_id`) VALUES (NULL, 0, '2013-11-12 16:44:49', '2013-11-21', NULL, 1, '2013-11-02', '2013-11-12 16:44:49', NULL)[0m
  [1m[35m (31.4ms)[0m  COMMIT
  [1m[36m (0.1ms)[0m  [1mBEGIN[0m
  [1m[35mSQL (0.3ms)[0m  INSERT INTO `goal_instances` (`Milestones`, `cheer_ons`, `created_at`, `end_date`, `goal_id`, `is_complete`, `start_date`, `updated_at`, `user_id`) VALUES (NULL, 2, '2013-11-12 16:44:49', '2013-11-03', NULL, 1, '2013-10-16', '2013-11-12 16:44:49', NULL)
  [1m[36m (31.4ms)[0m  [1mCOMMIT[0m
  [1m[35m (0.1ms)[0m  BEGIN
  [1m[36mSQL (0.3ms)[0m  [1mINSERT INTO `goal_instances` (`Milestones`, `cheer_ons`, `created_at`, `end_date`, `goal_id`, `is_complete`, `start_date`, `updated_at`, `user_id`) VALUES (NULL, 5, '2013-11-12 16:44:49', '2013-11-13', NULL, 1, '2013-10-29', '2013-11-12 16:44:49', NULL)[0m
  [1m[35m (30.6ms)[0m  COMMIT
  [1m[36m (0.1ms)[0m  [1mBEGIN[0m
  [1m[35mSQL (0.3ms)[0m  INSERT INTO `goal_instances` (`Milestones`, `cheer_ons`, `created_at`, `end_date`, `goal_id`, `is_complete`, `start_date`, `updated_at`, `user_id`) VALUES (NULL, 8, '2013-11-12 16:44:49', '2013-11-19', NULL, 1, '2013-11-10', '2013-11-12 16:44:49', NULL)
  [1m[36m (31.5ms)[0m  [1mCOMMIT[0m
  [1m[35m (0.1ms)[0m  BEGIN
  [1m[36mSQL (0.3ms)[0m  [1mINSERT INTO `goal_instances` (`Milestones`, `cheer_ons`, `created_at`, `end_date`, `goal_id`, `is_complete`, `start_date`, `updated_at`, `user_id`) VALUES (NULL, 0, '2013-11-12 16:44:49', '2013-12-05', NULL, 1, '2013-11-07', '2013-11-12 16:44:49', NULL)[0m
  [1m[35m (31.5ms)[0m  COMMIT
  [1m[36m (0.1ms)[0m  [1mBEGIN[0m
  [1m[35mSQL (0.3ms)[0m  INSERT INTO `goal_instances` (`Milestones`, `cheer_ons`, `created_at`, `end_date`, `goal_id`, `is_complete`, `start_date`, `updated_at`, `user_id`) VALUES (NULL, 3, '2013-11-12 16:44:49', '2013-11-30', NULL, 1, '2013-11-05', '2013-11-12 16:44:49', NULL)
  [1m[36m (33.0ms)[0m  [1mCOMMIT[0m
  [1m[35m (0.1ms)[0m  BEGIN
  [1m[36mSQL (0.3ms)[0m  [1mINSERT INTO `goal_instances` (`Milestones`, `cheer_ons`, `created_at`, `end_date`, `goal_id`, `is_complete`, `start_date`, `updated_at`, `user_id`) VALUES (NULL, 1, '2013-11-12 16:44:49', '2013-11-29', NULL, 1, '2013-11-07', '2013-11-12 16:44:49', NULL)[0m
  [1m[35m (31.2ms)[0m  COMMIT
  [1m[36m (0.1ms)[0m  [1mBEGIN[0m
  [1m[35mSQL (0.3ms)[0m  INSERT INTO `goal_instances` (`Milestones`, `cheer_ons`, `created_at`, `end_date`, `goal_id`, `is_complete`, `start_date`, `updated_at`, `user_id`) VALUES (NULL, 2, '2013-11-12 16:44:49', '2013-11-20', NULL, 0, '2013-11-02', '2013-11-12 16:44:49', NULL)
  [1m[36m (31.5ms)[0m  [1mCOMMIT[0m
  [1m[35m (0.2ms)[0m  BEGIN
  [1m[36mSQL (0.3ms)[0m  [1mINSERT INTO `goal_instances` (`Milestones`, `cheer_ons`, `created_at`, `end_date`, `goal_id`, `is_complete`, `start_date`, `updated_at`, `user_id`) VALUES (NULL, 2, '2013-11-12 16:44:49', '2013-11-17', NULL, 1, '2013-10-31', '2013-11-12 16:44:49', NULL)[0m
  [1m[35m (30.3ms)[0m  COMMIT
  [1m[36m (0.1ms)[0m  [1mBEGIN[0m
  [1m[35mSQL (0.2ms)[0m  INSERT INTO `goal_instances` (`Milestones`, `cheer_ons`, `created_at`, `end_date`, `goal_id`, `is_complete`, `start_date`, `updated_at`, `user_id`) VALUES (NULL, 1, '2013-11-12 16:44:49', '2013-11-15', NULL, 1, '2013-11-04', '2013-11-12 16:44:49', NULL)
  [1m[36m (31.4ms)[0m  [1mCOMMIT[0m
  [1m[35m (0.1ms)[0m  BEGIN
  [1m[36mSQL (0.3ms)[0m  [1mINSERT INTO `goal_instances` (`Milestones`, `cheer_ons`, `created_at`, `end_date`, `goal_id`, `is_complete`, `start_date`, `updated_at`, `user_id`) VALUES (NULL, 14, '2013-11-12 16:44:49', '2013-11-02', NULL, 1, '2013-10-31', '2013-11-12 16:44:49', NULL)[0m
  [1m[35m (31.5ms)[0m  COMMIT
  [1m[36m (0.1ms)[0m  [1mBEGIN[0m
  [1m[35mSQL (0.3ms)[0m  INSERT INTO `goal_instances` (`Milestones`, `cheer_ons`, `created_at`, `end_date`, `goal_id`, `is_complete`, `start_date`, `updated_at`, `user_id`) VALUES (NULL, 15, '2013-11-12 16:44:49', '2013-10-18', NULL, 0, '2013-10-18', '2013-11-12 16:44:49', NULL)
  [1m[36m (31.3ms)[0m  [1mCOMMIT[0m
  [1m[35m (0.2ms)[0m  BEGIN
  [1m[36mSQL (0.4ms)[0m  [1mINSERT INTO `goal_instances` (`Milestones`, `cheer_ons`, `created_at`, `end_date`, `goal_id`, `is_complete`, `start_date`, `updated_at`, `user_id`) VALUES (NULL, 9, '2013-11-12 16:44:49', '2013-10-29', NULL, 1, '2013-10-28', '2013-11-12 16:44:49', NULL)[0m
  [1m[35m (29.7ms)[0m  COMMIT
  [1m[36m (0.2ms)[0m  [1mBEGIN[0m
  [1m[35mSQL (0.4ms)[0m  INSERT INTO `goal_instances` (`Milestones`, `cheer_ons`, `created_at`, `end_date`, `goal_id`, `is_complete`, `start_date`, `updated_at`, `user_id`) VALUES (NULL, 11, '2013-11-12 16:44:49', '2013-11-29', NULL, 1, '2013-11-06', '2013-11-12 16:44:49', NULL)
  [1m[36m (29.8ms)[0m  [1mCOMMIT[0m
  [1m[35m (0.2ms)[0m  BEGIN
  [1m[36mSQL (0.4ms)[0m  [1mINSERT INTO `goal_instances` (`Milestones`, `cheer_ons`, `created_at`, `end_date`, `goal_id`, `is_complete`, `start_date`, `updated_at`, `user_id`) VALUES (NULL, 5, '2013-11-12 16:44:49', '2013-11-23', NULL, 1, '2013-10-31', '2013-11-12 16:44:49', NULL)[0m
  [1m[35m (29.7ms)[0m  COMMIT
  [1m[36m (0.2ms)[0m  [1mBEGIN[0m
  [1m[35mSQL (35.9ms)[0m  INSERT INTO `goal_instances` (`Milestones`, `cheer_ons`, `created_at`, `end_date`, `goal_id`, `is_complete`, `start_date`, `updated_at`, `user_id`) VALUES (NULL, 1, '2013-11-12 16:44:49', '2013-11-16', NULL, 1, '2013-10-20', '2013-11-12 16:44:49', NULL)
  [1m[36m (27.2ms)[0m  [1mCOMMIT[0m
  [1m[35m (0.1ms)[0m  BEGIN
  [1m[36mSQL (0.3ms)[0m  [1mINSERT INTO `goal_instances` (`Milestones`, `cheer_ons`, `created_at`, `end_date`, `goal_id`, `is_complete`, `start_date`, `updated_at`, `user_id`) VALUES (NULL, 3, '2013-11-12 16:44:49', '2013-11-16', NULL, 1, '2013-11-07', '2013-11-12 16:44:49', NULL)[0m
  [1m[35m (31.3ms)[0m  COMMIT
  [1m[36m (0.1ms)[0m  [1mBEGIN[0m
  [1m[35mSQL (0.3ms)[0m  INSERT INTO `goal_instances` (`Milestones`, `cheer_ons`, `created_at`, `end_date`, `goal_id`, `is_complete`, `start_date`, `updated_at`, `user_id`) VALUES (NULL, 7, '2013-11-12 16:44:49', '2013-11-04', NULL, 1, '2013-10-22', '2013-11-12 16:44:49', NULL)
  [1m[36m (31.0ms)[0m  [1mCOMMIT[0m
  [1m[35m (0.1ms)[0m  BEGIN
  [1m[36mSQL (0.3ms)[0m  [1mINSERT INTO `goal_instances` (`Milestones`, `cheer_ons`, `created_at`, `end_date`, `goal_id`, `is_complete`, `start_date`, `updated_at`, `user_id`) VALUES (NULL, 13, '2013-11-12 16:44:49', '2013-11-15', NULL, 1, '2013-11-12', '2013-11-12 16:44:49', NULL)[0m
  [1m[35m (31.2ms)[0m  COMMIT
  [1m[36m (0.1ms)[0m  [1mBEGIN[0m
  [1m[35mSQL (0.3ms)[0m  INSERT INTO `goal_instances` (`Milestones`, `cheer_ons`, `created_at`, `end_date`, `goal_id`, `is_complete`, `start_date`, `updated_at`, `user_id`) VALUES (NULL, 8, '2013-11-12 16:44:49', '2013-12-04', NULL, 1, '2013-11-07', '2013-11-12 16:44:49', NULL)
  [1m[36m (31.1ms)[0m  [1mCOMMIT[0m
  [1m[35m (0.1ms)[0m  BEGIN
  [1m[36mSQL (0.3ms)[0m  [1mINSERT INTO `goal_instances` (`Milestones`, `cheer_ons`, `created_at`, `end_date`, `goal_id`, `is_complete`, `start_date`, `updated_at`, `user_id`) VALUES (NULL, 0, '2013-11-12 16:44:49', '2013-12-02', NULL, 1, '2013-11-04', '2013-11-12 16:44:49', NULL)[0m
  [1m[35m (31.3ms)[0m  COMMIT
  [1m[36m (0.1ms)[0m  [1mBEGIN[0m
  [1m[35mSQL (0.3ms)[0m  INSERT INTO `goal_instances` (`Milestones`, `cheer_ons`, `created_at`, `end_date`, `goal_id`, `is_complete`, `start_date`, `updated_at`, `user_id`) VALUES (NULL, 7, '2013-11-12 16:44:50', '2013-11-20', NULL, 0, '2013-11-01', '2013-11-12 16:44:50', NULL)
  [1m[36m (31.6ms)[0m  [1mCOMMIT[0m
  [1m[35m (0.2ms)[0m  BEGIN
  [1m[36mSQL (0.4ms)[0m  [1mINSERT INTO `goal_instances` (`Milestones`, `cheer_ons`, `created_at`, `end_date`, `goal_id`, `is_complete`, `start_date`, `updated_at`, `user_id`) VALUES (NULL, 3, '2013-11-12 16:44:50', '2013-11-30', NULL, 1, '2013-11-10', '2013-11-12 16:44:50', NULL)[0m
  [1m[35m (29.7ms)[0m  COMMIT
  [1m[36m (0.2ms)[0m  [1mBEGIN[0m
  [1m[35mSQL (0.4ms)[0m  INSERT INTO `goal_instances` (`Milestones`, `cheer_ons`, `created_at`, `end_date`, `goal_id`, `is_complete`, `start_date`, `updated_at`, `user_id`) VALUES (NULL, 4, '2013-11-12 16:44:50', '2013-11-21', NULL, 1, '2013-11-08', '2013-11-12 16:44:50', NULL)
  [1m[36m (29.9ms)[0m  [1mCOMMIT[0m
  [1m[35m (0.2ms)[0m  BEGIN
  [1m[36mSQL (0.4ms)[0m  [1mINSERT INTO `goal_instances` (`Milestones`, `cheer_ons`, `created_at`, `end_date`, `goal_id`, `is_complete`, `start_date`, `updated_at`, `user_id`) VALUES (NULL, 14, '2013-11-12 16:44:50', '2013-11-04', NULL, 0, '2013-10-14', '2013-11-12 16:44:50', NULL)[0m
  [1m[35m (29.7ms)[0m  COMMIT
  [1m[36m (0.2ms)[0m  [1mBEGIN[0m
  [1m[35mSQL (0.4ms)[0m  INSERT INTO `goal_instances` (`Milestones`, `cheer_ons`, `created_at`, `end_date`, `goal_id`, `is_complete`, `start_date`, `updated_at`, `user_id`) VALUES (NULL, 1, '2013-11-12 16:44:50', '2013-11-12', NULL, 1, '2013-11-07', '2013-11-12 16:44:50', NULL)
  [1m[36m (29.7ms)[0m  [1mCOMMIT[0m
  [1m[35m (0.2ms)[0m  BEGIN
  [1m[36mSQL (0.4ms)[0m  [1mINSERT INTO `goal_instances` (`Milestones`, `cheer_ons`, `created_at`, `end_date`, `goal_id`, `is_complete`, `start_date`, `updated_at`, `user_id`) VALUES (NULL, 6, '2013-11-12 16:44:50', '2013-11-17', NULL, 1, '2013-11-01', '2013-11-12 16:44:50', NULL)[0m
  [1m[35m (41.1ms)[0m  COMMIT
  [1m[36m (0.2ms)[0m  [1mBEGIN[0m
  [1m[35mSQL (0.4ms)[0m  INSERT INTO `goal_instances` (`Milestones`, `cheer_ons`, `created_at`, `end_date`, `goal_id`, `is_complete`, `start_date`, `updated_at`, `user_id`) VALUES (NULL, 14, '2013-11-12 16:44:50', '2013-11-23', NULL, 1, '2013-10-25', '2013-11-12 16:44:50', NULL)
  [1m[36m (40.8ms)[0m  [1mCOMMIT[0m
  [1m[35m (0.2ms)[0m  BEGIN
  [1m[36mSQL (0.4ms)[0m  [1mINSERT INTO `goal_instances` (`Milestones`, `cheer_ons`, `created_at`, `end_date`, `goal_id`, `is_complete`, `start_date`, `updated_at`, `user_id`) VALUES (NULL, 10, '2013-11-12 16:44:50', '2013-11-01', NULL, 1, '2013-10-28', '2013-11-12 16:44:50', NULL)[0m
  [1m[35m (40.7ms)[0m  COMMIT
  [1m[36m (0.1ms)[0m  [1mBEGIN[0m
  [1m[35mSQL (0.3ms)[0m  INSERT INTO `goal_instances` (`Milestones`, `cheer_ons`, `created_at`, `end_date`, `goal_id`, `is_complete`, `start_date`, `updated_at`, `user_id`) VALUES (NULL, 11, '2013-11-12 16:44:50', '2013-11-26', NULL, 0, '2013-11-01', '2013-11-12 16:44:50', NULL)
  [1m[36m (41.9ms)[0m  [1mCOMMIT[0m
  [1m[35m (0.1ms)[0m  BEGIN
  [1m[36mSQL (0.3ms)[0m  [1mINSERT INTO `goal_instances` (`Milestones`, `cheer_ons`, `created_at`, `end_date`, `goal_id`, `is_complete`, `start_date`, `updated_at`, `user_id`) VALUES (NULL, 15, '2013-11-12 16:44:50', '2013-11-15', NULL, 0, '2013-10-17', '2013-11-12 16:44:50', NULL)[0m
  [1m[35m (42.1ms)[0m  COMMIT
  [1m[36m (0.1ms)[0m  [1mBEGIN[0m
  [1m[35mSQL (0.3ms)[0m  INSERT INTO `goal_instances` (`Milestones`, `cheer_ons`, `created_at`, `end_date`, `goal_id`, `is_complete`, `start_date`, `updated_at`, `user_id`) VALUES (NULL, 6, '2013-11-12 16:44:50', '2013-11-10', NULL, 1, '2013-10-29', '2013-11-12 16:44:50', NULL)
  [1m[36m (42.2ms)[0m  [1mCOMMIT[0m
  [1m[35m (0.1ms)[0m  BEGIN
  [1m[36mSQL (0.3ms)[0m  [1mINSERT INTO `goal_instances` (`Milestones`, `cheer_ons`, `created_at`, `end_date`, `goal_id`, `is_complete`, `start_date`, `updated_at`, `user_id`) VALUES (NULL, 1, '2013-11-12 16:44:50', '2013-11-07', NULL, 0, '2013-10-23', '2013-11-12 16:44:50', NULL)[0m
  [1m[35m (42.4ms)[0m  COMMIT
  [1m[36m (0.2ms)[0m  [1mBEGIN[0m
  [1m[35mSQL (0.3ms)[0m  INSERT INTO `goal_instances` (`Milestones`, `cheer_ons`, `created_at`, `end_date`, `goal_id`, `is_complete`, `start_date`, `updated_at`, `user_id`) VALUES (NULL, 4, '2013-11-12 16:44:50', '2013-10-23', NULL, 0, '2013-10-15', '2013-11-12 16:44:50', NULL)
  [1m[36m (41.2ms)[0m  [1mCOMMIT[0m
  [1m[35m (0.2ms)[0m  BEGIN
  [1m[36mSQL (0.4ms)[0m  [1mINSERT INTO `goal_instances` (`Milestones`, `cheer_ons`, `created_at`, `end_date`, `goal_id`, `is_complete`, `start_date`, `updated_at`, `user_id`) VALUES (NULL, 0, '2013-11-12 16:44:50', '2013-10-31', NULL, 1, '2013-10-26', '2013-11-12 16:44:50', NULL)[0m
  [1m[35m (40.8ms)[0m  COMMIT
  [1m[36m (0.1ms)[0m  [1mBEGIN[0m
  [1m[35mSQL (0.3ms)[0m  INSERT INTO `goal_instances` (`Milestones`, `cheer_ons`, `created_at`, `end_date`, `goal_id`, `is_complete`, `start_date`, `updated_at`, `user_id`) VALUES (NULL, 4, '2013-11-12 16:44:50', '2013-11-21', NULL, 1, '2013-11-11', '2013-11-12 16:44:50', NULL)
  [1m[36m (42.6ms)[0m  [1mCOMMIT[0m
  [1m[35m (0.2ms)[0m  BEGIN
  [1m[36mSQL (0.4ms)[0m  [1mINSERT INTO `goal_instances` (`Milestones`, `cheer_ons`, `created_at`, `end_date`, `goal_id`, `is_complete`, `start_date`, `updated_at`, `user_id`) VALUES (NULL, 3, '2013-11-12 16:44:50', '2013-11-07', NULL, 0, '2013-10-15', '2013-11-12 16:44:50', NULL)[0m
  [1m[35m (29.9ms)[0m  COMMIT
  [1m[36m (0.2ms)[0m  [1mBEGIN[0m
  [1m[35mSQL (0.4ms)[0m  INSERT INTO `goal_instances` (`Milestones`, `cheer_ons`, `created_at`, `end_date`, `goal_id`, `is_complete`, `start_date`, `updated_at`, `user_id`) VALUES (NULL, 10, '2013-11-12 16:44:50', '2013-11-07', NULL, 1, '2013-11-02', '2013-11-12 16:44:50', NULL)
  [1m[36m (29.5ms)[0m  [1mCOMMIT[0m
  [1m[35m (0.2ms)[0m  BEGIN
  [1m[36mSQL (0.3ms)[0m  [1mINSERT INTO `goal_instances` (`Milestones`, `cheer_ons`, `created_at`, `end_date`, `goal_id`, `is_complete`, `start_date`, `updated_at`, `user_id`) VALUES (NULL, 2, '2013-11-12 16:44:50', '2013-11-28', NULL, 1, '2013-11-01', '2013-11-12 16:44:50', NULL)[0m
  [1m[35m (34.9ms)[0m  COMMIT
  [1m[36m (0.1ms)[0m  [1mBEGIN[0m
  [1m[35mSQL (0.3ms)[0m  INSERT INTO `goal_instances` (`Milestones`, `cheer_ons`, `created_at`, `end_date`, `goal_id`, `is_complete`, `start_date`, `updated_at`, `user_id`) VALUES (NULL, 7, '2013-11-12 16:44:50', '2013-11-15', NULL, 1, '2013-11-10', '2013-11-12 16:44:50', NULL)
  [1m[36m (26.9ms)[0m  [1mCOMMIT[0m
  [1m[35m (0.1ms)[0m  BEGIN
  [1m[36mSQL (0.3ms)[0m  [1mINSERT INTO `goal_instances` (`Milestones`, `cheer_ons`, `created_at`, `end_date`, `goal_id`, `is_complete`, `start_date`, `updated_at`, `user_id`) VALUES (NULL, 0, '2013-11-12 16:44:50', '2013-11-05', NULL, 0, '2013-10-21', '2013-11-12 16:44:50', NULL)[0m
  [1m[35m (31.4ms)[0m  COMMIT
  [1m[36m (0.1ms)[0m  [1mBEGIN[0m
  [1m[35mSQL (0.3ms)[0m  INSERT INTO `goal_instances` (`Milestones`, `cheer_ons`, `created_at`, `end_date`, `goal_id`, `is_complete`, `start_date`, `updated_at`, `user_id`) VALUES (NULL, 11, '2013-11-12 16:44:50', '2013-11-05', NULL, 1, '2013-10-22', '2013-11-12 16:44:50', NULL)
  [1m[36m (31.1ms)[0m  [1mCOMMIT[0m
  [1m[35m (0.1ms)[0m  BEGIN
  [1m[36mSQL (0.3ms)[0m  [1mINSERT INTO `goal_instances` (`Milestones`, `cheer_ons`, `created_at`, `end_date`, `goal_id`, `is_complete`, `start_date`, `updated_at`, `user_id`) VALUES (NULL, 6, '2013-11-12 16:44:50', '2013-11-01', NULL, 0, '2013-10-22', '2013-11-12 16:44:50', NULL)[0m
  [1m[35m (31.1ms)[0m  COMMIT
  [1m[36m (0.1ms)[0m  [1mBEGIN[0m
  [1m[35mSQL (0.3ms)[0m  INSERT INTO `goal_instances` (`Milestones`, `cheer_ons`, `created_at`, `end_date`, `goal_id`, `is_complete`, `start_date`, `updated_at`, `user_id`) VALUES (NULL, 9, '2013-11-12 16:44:50', '2013-11-07', NULL, 1, '2013-11-07', '2013-11-12 16:44:50', NULL)
  [1m[36m (31.1ms)[0m  [1mCOMMIT[0m
  [1m[35m (0.1ms)[0m  BEGIN
  [1m[36mSQL (0.3ms)[0m  [1mINSERT INTO `goal_instances` (`Milestones`, `cheer_ons`, `created_at`, `end_date`, `goal_id`, `is_complete`, `start_date`, `updated_at`, `user_id`) VALUES (NULL, 3, '2013-11-12 16:44:50', '2013-11-08', NULL, 0, '2013-10-29', '2013-11-12 16:44:50', NULL)[0m
  [1m[35m (31.2ms)[0m  COMMIT
  [1m[36m (0.1ms)[0m  [1mBEGIN[0m
  [1m[35mSQL (0.4ms)[0m  INSERT INTO `goal_instances` (`Milestones`, `cheer_ons`, `created_at`, `end_date`, `goal_id`, `is_complete`, `start_date`, `updated_at`, `user_id`) VALUES (NULL, 11, '2013-11-12 16:44:50', '2013-11-23', NULL, 1, '2013-10-28', '2013-11-12 16:44:50', NULL)
  [1m[36m (30.9ms)[0m  [1mCOMMIT[0m
  [1m[35m (0.2ms)[0m  BEGIN
  [1m[36mSQL (0.4ms)[0m  [1mINSERT INTO `goal_instances` (`Milestones`, `cheer_ons`, `created_at`, `end_date`, `goal_id`, `is_complete`, `start_date`, `updated_at`, `user_id`) VALUES (NULL, 5, '2013-11-12 16:44:50', '2013-11-26', NULL, 1, '2013-11-12', '2013-11-12 16:44:50', NULL)[0m
  [1m[35m (30.1ms)[0m  COMMIT
  [1m[36m (0.2ms)[0m  [1mBEGIN[0m
  [1m[35mSQL (0.3ms)[0m  INSERT INTO `goal_instances` (`Milestones`, `cheer_ons`, `created_at`, `end_date`, `goal_id`, `is_complete`, `start_date`, `updated_at`, `user_id`) VALUES (NULL, 1, '2013-11-12 16:44:51', '2013-11-03', NULL, 1, '2013-10-17', '2013-11-12 16:44:51', NULL)
  [1m[36m (29.8ms)[0m  [1mCOMMIT[0m
  [1m[35m (0.1ms)[0m  BEGIN
  [1m[36mSQL (0.3ms)[0m  [1mINSERT INTO `goal_instances` (`Milestones`, `cheer_ons`, `created_at`, `end_date`, `goal_id`, `is_complete`, `start_date`, `updated_at`, `user_id`) VALUES (NULL, 6, '2013-11-12 16:44:51', '2013-12-03', NULL, 1, '2013-11-07', '2013-11-12 16:44:51', NULL)[0m
  [1m[35m (31.4ms)[0m  COMMIT
  [1m[36m (0.1ms)[0m  [1mBEGIN[0m
  [1m[35mSQL (0.3ms)[0m  INSERT INTO `goal_instances` (`Milestones`, `cheer_ons`, `created_at`, `end_date`, `goal_id`, `is_complete`, `start_date`, `updated_at`, `user_id`) VALUES (NULL, 7, '2013-11-12 16:44:51', '2013-12-06', NULL, 1, '2013-11-09', '2013-11-12 16:44:51', NULL)
  [1m[36m (31.4ms)[0m  [1mCOMMIT[0m
  [1m[35m (0.1ms)[0m  BEGIN
  [1m[36mSQL (0.3ms)[0m  [1mINSERT INTO `goal_instances` (`Milestones`, `cheer_ons`, `created_at`, `end_date`, `goal_id`, `is_complete`, `start_date`, `updated_at`, `user_id`) VALUES (NULL, 9, '2013-11-12 16:44:51', '2013-11-10', NULL, 1, '2013-10-22', '2013-11-12 16:44:51', NULL)[0m
  [1m[35m (31.5ms)[0m  COMMIT
  [1m[36m (0.1ms)[0m  [1mBEGIN[0m
  [1m[35mSQL (0.3ms)[0m  INSERT INTO `goal_instances` (`Milestones`, `cheer_ons`, `created_at`, `end_date`, `goal_id`, `is_complete`, `start_date`, `updated_at`, `user_id`) VALUES (NULL, 12, '2013-11-12 16:44:51', '2013-11-20', NULL, 0, '2013-11-05', '2013-11-12 16:44:51', NULL)
  [1m[36m (33.0ms)[0m  [1mCOMMIT[0m
  [1m[35m (0.1ms)[0m  BEGIN
  [1m[36mSQL (0.3ms)[0m  [1mINSERT INTO `goal_instances` (`Milestones`, `cheer_ons`, `created_at`, `end_date`, `goal_id`, `is_complete`, `start_date`, `updated_at`, `user_id`) VALUES (NULL, 0, '2013-11-12 16:44:51', '2013-11-29', NULL, 1, '2013-11-07', '2013-11-12 16:44:51', NULL)[0m
  [1m[35m (31.4ms)[0m  COMMIT
  [1m[36m (0.2ms)[0m  [1mBEGIN[0m
  [1m[35mSQL (0.4ms)[0m  INSERT INTO `goal_instances` (`Milestones`, `cheer_ons`, `created_at`, `end_date`, `goal_id`, `is_complete`, `start_date`, `updated_at`, `user_id`) VALUES (NULL, 9, '2013-11-12 16:44:51', '2013-10-27', NULL, 1, '2013-10-21', '2013-11-12 16:44:51', NULL)
  [1m[36m (29.5ms)[0m  [1mCOMMIT[0m
  [1m[35m (0.1ms)[0m  BEGIN
  [1m[36mSQL (0.3ms)[0m  [1mINSERT INTO `goal_instances` (`Milestones`, `cheer_ons`, `created_at`, `end_date`, `goal_id`, `is_complete`, `start_date`, `updated_at`, `user_id`) VALUES (NULL, 4, '2013-11-12 16:44:51', '2013-11-09', NULL, 1, '2013-11-01', '2013-11-12 16:44:51', NULL)[0m
  [1m[35m (31.6ms)[0m  COMMIT
  [1m[36m (0.1ms)[0m  [1mBEGIN[0m
  [1m[35mSQL (0.3ms)[0m  INSERT INTO `goal_instances` (`Milestones`, `cheer_ons`, `created_at`, `end_date`, `goal_id`, `is_complete`, `start_date`, `updated_at`, `user_id`) VALUES (NULL, 8, '2013-11-12 16:44:51', '2013-11-26', NULL, 0, '2013-11-05', '2013-11-12 16:44:51', NULL)
  [1m[36m (31.2ms)[0m  [1mCOMMIT[0m
  [1m[35m (0.1ms)[0m  BEGIN
  [1m[36mSQL (0.3ms)[0m  [1mINSERT INTO `goal_instances` (`Milestones`, `cheer_ons`, `created_at`, `end_date`, `goal_id`, `is_complete`, `start_date`, `updated_at`, `user_id`) VALUES (NULL, 4, '2013-11-12 16:44:51', '2013-11-04', NULL, 1, '2013-10-26', '2013-11-12 16:44:51', NULL)[0m
  [1m[35m (31.3ms)[0m  COMMIT
  [1m[36m (0.2ms)[0m  [1mBEGIN[0m
  [1m[35mSQL (0.4ms)[0m  INSERT INTO `goal_instances` (`Milestones`, `cheer_ons`, `created_at`, `end_date`, `goal_id`, `is_complete`, `start_date`, `updated_at`, `user_id`) VALUES (NULL, 10, '2013-11-12 16:44:51', '2013-11-13', NULL, 0, '2013-10-20', '2013-11-12 16:44:51', NULL)
  [1m[36m (40.8ms)[0m  [1mCOMMIT[0m
  [1m[35m (0.2ms)[0m  BEGIN
  [1m[36mSQL (0.4ms)[0m  [1mINSERT INTO `goal_instances` (`Milestones`, `cheer_ons`, `created_at`, `end_date`, `goal_id`, `is_complete`, `start_date`, `updated_at`, `user_id`) VALUES (NULL, 13, '2013-11-12 16:44:51', '2013-10-18', NULL, 0, '2013-10-14', '2013-11-12 16:44:51', NULL)[0m
  [1m[35m (29.9ms)[0m  COMMIT
  [1m[36m (0.2ms)[0m  [1mBEGIN[0m
  [1m[35mSQL (0.4ms)[0m  INSERT INTO `goal_instances` (`Milestones`, `cheer_ons`, `created_at`, `end_date`, `goal_id`, `is_complete`, `start_date`, `updated_at`, `user_id`) VALUES (NULL, 14, '2013-11-12 16:44:51', '2013-11-21', NULL, 1, '2013-11-08', '2013-11-12 16:44:51', NULL)
  [1m[36m (29.7ms)[0m  [1mCOMMIT[0m
  [1m[35m (0.2ms)[0m  BEGIN
  [1m[36mSQL (0.4ms)[0m  [1mINSERT INTO `goal_instances` (`Milestones`, `cheer_ons`, `created_at`, `end_date`, `goal_id`, `is_complete`, `start_date`, `updated_at`, `user_id`) VALUES (NULL, 6, '2013-11-12 16:44:51', '2013-10-29', NULL, 0, '2013-10-17', '2013-11-12 16:44:51', NULL)[0m
  [1m[35m (29.7ms)[0m  COMMIT
  [1m[36m (0.2ms)[0m  [1mBEGIN[0m
  [1m[35mSQL (0.4ms)[0m  INSERT INTO `goal_instances` (`Milestones`, `cheer_ons`, `created_at`, `end_date`, `goal_id`, `is_complete`, `start_date`, `updated_at`, `user_id`) VALUES (NULL, 2, '2013-11-12 16:44:51', '2013-11-07', NULL, 0, '2013-11-05', '2013-11-12 16:44:51', NULL)
  [1m[36m (29.7ms)[0m  [1mCOMMIT[0m
  [1m[35m (0.2ms)[0m  BEGIN
  [1m[36mSQL (0.4ms)[0m  [1mINSERT INTO `goal_instances` (`Milestones`, `cheer_ons`, `created_at`, `end_date`, `goal_id`, `is_complete`, `start_date`, `updated_at`, `user_id`) VALUES (NULL, 7, '2013-11-12 16:44:51', '2013-10-23', NULL, 1, '2013-10-15', '2013-11-12 16:44:51', NULL)[0m
  [1m[35m (29.7ms)[0m  COMMIT
  [1m[36m (0.2ms)[0m  [1mBEGIN[0m
  [1m[35mSQL (0.4ms)[0m  INSERT INTO `goal_instances` (`Milestones`, `cheer_ons`, `created_at`, `end_date`, `goal_id`, `is_complete`, `start_date`, `updated_at`, `user_id`) VALUES (NULL, 2, '2013-11-12 16:44:51', '2013-10-25', NULL, 0, '2013-10-20', '2013-11-12 16:44:51', NULL)
  [1m[36m (41.0ms)[0m  [1mCOMMIT[0m
  [1m[35m (0.2ms)[0m  BEGIN
  [1m[36mSQL (0.4ms)[0m  [1mINSERT INTO `goal_instances` (`Milestones`, `cheer_ons`, `created_at`, `end_date`, `goal_id`, `is_complete`, `start_date`, `updated_at`, `user_id`) VALUES (NULL, 10, '2013-11-12 16:44:51', '2013-11-23', NULL, 1, '2013-11-06', '2013-11-12 16:44:51', NULL)[0m
  [1m[35m (29.6ms)[0m  COMMIT
  [1m[36m (0.1ms)[0m  [1mBEGIN[0m
  [1m[35mSQL (0.3ms)[0m  INSERT INTO `goal_instances` (`Milestones`, `cheer_ons`, `created_at`, `end_date`, `goal_id`, `is_complete`, `start_date`, `updated_at`, `user_id`) VALUES (NULL, 5, '2013-11-12 16:44:51', '2013-11-10', NULL, 1, '2013-11-07', '2013-11-12 16:44:51', NULL)
  [1m[36m (42.4ms)[0m  [1mCOMMIT[0m
  [1m[35m (0.1ms)[0m  BEGIN
  [1m[36mSQL (0.3ms)[0m  [1mINSERT INTO `goal_instances` (`Milestones`, `cheer_ons`, `created_at`, `end_date`, `goal_id`, `is_complete`, `start_date`, `updated_at`, `user_id`) VALUES (NULL, 4, '2013-11-12 16:44:51', '2013-11-28', NULL, 0, '2013-11-06', '2013-11-12 16:44:51', NULL)[0m
  [1m[35m (42.8ms)[0m  COMMIT
  [1m[36m (0.2ms)[0m  [1mBEGIN[0m
  [1m[35mSQL (0.4ms)[0m  INSERT INTO `goal_instances` (`Milestones`, `cheer_ons`, `created_at`, `end_date`, `goal_id`, `is_complete`, `start_date`, `updated_at`, `user_id`) VALUES (NULL, 15, '2013-11-12 16:44:51', '2013-11-10', NULL, 1, '2013-10-29', '2013-11-12 16:44:51', NULL)
  [1m[36m (41.0ms)[0m  [1mCOMMIT[0m
  [1m[35m (0.2ms)[0m  BEGIN
  [1m[36mSQL (0.4ms)[0m  [1mINSERT INTO `goal_instances` (`Milestones`, `cheer_ons`, `created_at`, `end_date`, `goal_id`, `is_complete`, `start_date`, `updated_at`, `user_id`) VALUES (NULL, 10, '2013-11-12 16:44:51', '2013-11-10', NULL, 1, '2013-10-22', '2013-11-12 16:44:51', NULL)[0m
  [1m[35m (40.8ms)[0m  COMMIT
  [1m[36m (0.2ms)[0m  [1mBEGIN[0m
  [1m[35mSQL (0.4ms)[0m  INSERT INTO `goal_instances` (`Milestones`, `cheer_ons`, `created_at`, `end_date`, `goal_id`, `is_complete`, `start_date`, `updated_at`, `user_id`) VALUES (NULL, 10, '2013-11-12 16:44:51', '2013-10-15', NULL, 0, '2013-10-14', '2013-11-12 16:44:51', NULL)
  [1m[36m (40.9ms)[0m  [1mCOMMIT[0m
  [1m[35m (0.2ms)[0m  BEGIN
  [1m[36mSQL (0.4ms)[0m  [1mINSERT INTO `goal_instances` (`Milestones`, `cheer_ons`, `created_at`, `end_date`, `goal_id`, `is_complete`, `start_date`, `updated_at`, `user_id`) VALUES (NULL, 8, '2013-11-12 16:44:51', '2013-11-17', NULL, 1, '2013-10-31', '2013-11-12 16:44:51', NULL)[0m
  [1m[35m (40.8ms)[0m  COMMIT
  [1m[36m (0.1ms)[0m  [1mBEGIN[0m
  [1m[35mSQL (0.3ms)[0m  INSERT INTO `goal_instances` (`Milestones`, `cheer_ons`, `created_at`, `end_date`, `goal_id`, `is_complete`, `start_date`, `updated_at`, `user_id`) VALUES (NULL, 11, '2013-11-12 16:44:51', '2013-11-20', NULL, 0, '2013-10-24', '2013-11-12 16:44:51', NULL)
  [1m[36m (53.5ms)[0m  [1mCOMMIT[0m
  [1m[35m (0.1ms)[0m  BEGIN
  [1m[36mSQL (0.3ms)[0m  [1mINSERT INTO `goal_instances` (`Milestones`, `cheer_ons`, `created_at`, `end_date`, `goal_id`, `is_complete`, `start_date`, `updated_at`, `user_id`) VALUES (NULL, 13, '2013-11-12 16:44:51', '2013-11-17', NULL, 1, '2013-10-29', '2013-11-12 16:44:51', NULL)[0m
  [1m[35m (76.1ms)[0m  COMMIT
  [1m[36m (0.1ms)[0m  [1mBEGIN[0m
  [1m[35mSQL (0.3ms)[0m  INSERT INTO `goal_instances` (`Milestones`, `cheer_ons`, `created_at`, `end_date`, `goal_id`, `is_complete`, `start_date`, `updated_at`, `user_id`) VALUES (NULL, 9, '2013-11-12 16:44:52', '2013-10-17', NULL, 1, '2013-10-15', '2013-11-12 16:44:52', NULL)
  [1m[36m (64.3ms)[0m  [1mCOMMIT[0m
  [1m[35m (0.1ms)[0m  BEGIN
  [1m[36mSQL (0.3ms)[0m  [1mINSERT INTO `goal_instances` (`Milestones`, `cheer_ons`, `created_at`, `end_date`, `goal_id`, `is_complete`, `start_date`, `updated_at`, `user_id`) VALUES (NULL, 3, '2013-11-12 16:44:52', '2013-10-26', NULL, 1, '2013-10-20', '2013-11-12 16:44:52', NULL)[0m
  [1m[35m (42.4ms)[0m  COMMIT
  [1m[36m (0.2ms)[0m  [1mBEGIN[0m
  [1m[35mSQL (0.3ms)[0m  INSERT INTO `goal_instances` (`Milestones`, `cheer_ons`, `created_at`, `end_date`, `goal_id`, `is_complete`, `start_date`, `updated_at`, `user_id`) VALUES (NULL, 13, '2013-11-12 16:44:52', '2013-11-28', NULL, 1, '2013-11-12', '2013-11-12 16:44:52', NULL)
  [1m[36m (41.7ms)[0m  [1mCOMMIT[0m
  [1m[35m (0.1ms)[0m  BEGIN
  [1m[36mSQL (0.3ms)[0m  [1mINSERT INTO `goal_instances` (`Milestones`, `cheer_ons`, `created_at`, `end_date`, `goal_id`, `is_complete`, `start_date`, `updated_at`, `user_id`) VALUES (NULL, 14, '2013-11-12 16:44:52', '2013-11-22', NULL, 1, '2013-11-06', '2013-11-12 16:44:52', NULL)[0m
  [1m[35m (42.5ms)[0m  COMMIT
  [1m[36m (0.1ms)[0m  [1mBEGIN[0m
  [1m[35mSQL (0.3ms)[0m  INSERT INTO `goal_instances` (`Milestones`, `cheer_ons`, `created_at`, `end_date`, `goal_id`, `is_complete`, `start_date`, `updated_at`, `user_id`) VALUES (NULL, 3, '2013-11-12 16:44:52', '2013-11-11', NULL, 0, '2013-10-29', '2013-11-12 16:44:52', NULL)
  [1m[36m (42.2ms)[0m  [1mCOMMIT[0m
  [1m[35m (0.1ms)[0m  BEGIN
  [1m[36mSQL (0.3ms)[0m  [1mINSERT INTO `goal_instances` (`Milestones`, `cheer_ons`, `created_at`, `end_date`, `goal_id`, `is_complete`, `start_date`, `updated_at`, `user_id`) VALUES (NULL, 1, '2013-11-12 16:44:52', '2013-11-24', NULL, 1, '2013-11-09', '2013-11-12 16:44:52', NULL)[0m
  [1m[35m (31.1ms)[0m  COMMIT
  [1m[36m (0.1ms)[0m  [1mBEGIN[0m
  [1m[35mSQL (0.3ms)[0m  INSERT INTO `goal_instances` (`Milestones`, `cheer_ons`, `created_at`, `end_date`, `goal_id`, `is_complete`, `start_date`, `updated_at`, `user_id`) VALUES (NULL, 14, '2013-11-12 16:44:52', '2013-11-08', NULL, 1, '2013-11-06', '2013-11-12 16:44:52', NULL)
  [1m[36m (31.1ms)[0m  [1mCOMMIT[0m
  [1m[35m (0.1ms)[0m  BEGIN
  [1m[36mSQL (0.3ms)[0m  [1mINSERT INTO `goal_instances` (`Milestones`, `cheer_ons`, `created_at`, `end_date`, `goal_id`, `is_complete`, `start_date`, `updated_at`, `user_id`) VALUES (NULL, 8, '2013-11-12 16:44:52', '2013-11-16', NULL, 1, '2013-11-08', '2013-11-12 16:44:52', NULL)[0m
  [1m[35m (31.2ms)[0m  COMMIT
  [1m[36m (0.1ms)[0m  [1mBEGIN[0m
  [1m[35mSQL (0.3ms)[0m  INSERT INTO `goal_instances` (`Milestones`, `cheer_ons`, `created_at`, `end_date`, `goal_id`, `is_complete`, `start_date`, `updated_at`, `user_id`) VALUES (NULL, 10, '2013-11-12 16:44:52', '2013-11-21', NULL, 0, '2013-10-26', '2013-11-12 16:44:52', NULL)
  [1m[36m (31.1ms)[0m  [1mCOMMIT[0m
  [1m[35m (0.1ms)[0m  BEGIN
  [1m[36mSQL (0.2ms)[0m  [1mINSERT INTO `goal_instances` (`Milestones`, `cheer_ons`, `created_at`, `end_date`, `goal_id`, `is_complete`, `start_date`, `updated_at`, `user_id`) VALUES (NULL, 12, '2013-11-12 16:44:52', '2013-11-03', NULL, 0, '2013-10-25', '2013-11-12 16:44:52', NULL)[0m
  [1m[35m (31.6ms)[0m  COMMIT
  [1m[36m (0.1ms)[0m  [1mBEGIN[0m
  [1m[35mSQL (0.3ms)[0m  INSERT INTO `goal_instances` (`Milestones`, `cheer_ons`, `created_at`, `end_date`, `goal_id`, `is_complete`, `start_date`, `updated_at`, `user_id`) VALUES (NULL, 9, '2013-11-12 16:44:52', '2013-12-08', NULL, 1, '2013-11-12', '2013-11-12 16:44:52', NULL)
  [1m[36m (31.5ms)[0m  [1mCOMMIT[0m
  [1m[35m (0.1ms)[0m  BEGIN
  [1m[36mSQL (0.3ms)[0m  [1mINSERT INTO `goal_instances` (`Milestones`, `cheer_ons`, `created_at`, `end_date`, `goal_id`, `is_complete`, `start_date`, `updated_at`, `user_id`) VALUES (NULL, 12, '2013-11-12 16:44:52', '2013-12-08', NULL, 1, '2013-11-11', '2013-11-12 16:44:52', NULL)[0m
  [1m[35m (30.8ms)[0m  COMMIT
  [1m[36m (0.1ms)[0m  [1mBEGIN[0m
  [1m[35mSQL (0.3ms)[0m  INSERT INTO `goal_instances` (`Milestones`, `cheer_ons`, `created_at`, `end_date`, `goal_id`, `is_complete`, `start_date`, `updated_at`, `user_id`) VALUES (NULL, 14, '2013-11-12 16:44:52', '2013-10-18', NULL, 1, '2013-10-18', '2013-11-12 16:44:52', NULL)
  [1m[36m (31.1ms)[0m  [1mCOMMIT[0m
  [1m[35m (0.1ms)[0m  BEGIN
  [1m[36mSQL (0.4ms)[0m  [1mINSERT INTO `goal_instances` (`Milestones`, `cheer_ons`, `created_at`, `end_date`, `goal_id`, `is_complete`, `start_date`, `updated_at`, `user_id`) VALUES (NULL, 1, '2013-11-12 16:44:52', '2013-10-31', NULL, 0, '2013-10-24', '2013-11-12 16:44:52', NULL)[0m
  [1m[35m (31.0ms)[0m  COMMIT
  [1m[36m (0.2ms)[0m  [1mBEGIN[0m
  [1m[35mSQL (0.4ms)[0m  INSERT INTO `goal_instances` (`Milestones`, `cheer_ons`, `created_at`, `end_date`, `goal_id`, `is_complete`, `start_date`, `updated_at`, `user_id`) VALUES (NULL, 10, '2013-11-12 16:44:52', '2013-11-17', NULL, 1, '2013-11-09', '2013-11-12 16:44:52', NULL)
  [1m[36m (30.0ms)[0m  [1mCOMMIT[0m
  [1m[35m (0.1ms)[0m  BEGIN
  [1m[36mSQL (0.3ms)[0m  [1mINSERT INTO `goal_instances` (`Milestones`, `cheer_ons`, `created_at`, `end_date`, `goal_id`, `is_complete`, `start_date`, `updated_at`, `user_id`) VALUES (NULL, 6, '2013-11-12 16:44:52', '2013-10-25', NULL, 0, '2013-10-15', '2013-11-12 16:44:52', NULL)[0m
  [1m[35m (31.4ms)[0m  COMMIT
  [1m[36m (0.2ms)[0m  [1mBEGIN[0m
  [1m[35mSQL (0.4ms)[0m  INSERT INTO `goal_instances` (`Milestones`, `cheer_ons`, `created_at`, `end_date`, `goal_id`, `is_complete`, `start_date`, `updated_at`, `user_id`) VALUES (NULL, 10, '2013-11-12 16:44:52', '2013-10-30', NULL, 0, '2013-10-23', '2013-11-12 16:44:52', NULL)
  [1m[36m (30.0ms)[0m  [1mCOMMIT[0m
  [1m[35m (0.2ms)[0m  BEGIN
  [1m[36mSQL (0.4ms)[0m  [1mINSERT INTO `goal_instances` (`Milestones`, `cheer_ons`, `created_at`, `end_date`, `goal_id`, `is_complete`, `start_date`, `updated_at`, `user_id`) VALUES (NULL, 6, '2013-11-12 16:44:52', '2013-11-05', NULL, 1, '2013-10-24', '2013-11-12 16:44:52', NULL)[0m
  [1m[35m (30.1ms)[0m  COMMIT
  [1m[36m (0.2ms)[0m  [1mBEGIN[0m
  [1m[35mSQL (0.4ms)[0m  INSERT INTO `goal_instances` (`Milestones`, `cheer_ons`, `created_at`, `end_date`, `goal_id`, `is_complete`, `start_date`, `updated_at`, `user_id`) VALUES (NULL, 12, '2013-11-12 16:44:52', '2013-11-28', NULL, 1, '2013-11-11', '2013-11-12 16:44:52', NULL)
  [1m[36m (29.8ms)[0m  [1mCOMMIT[0m
  [1m[35m (0.2ms)[0m  BEGIN
  [1m[36mSQL (0.4ms)[0m  [1mINSERT INTO `goal_instances` (`Milestones`, `cheer_ons`, `created_at`, `end_date`, `goal_id`, `is_complete`, `start_date`, `updated_at`, `user_id`) VALUES (NULL, 11, '2013-11-12 16:44:52', '2013-10-21', NULL, 0, '2013-10-15', '2013-11-12 16:44:52', NULL)[0m
  [1m[35m (29.6ms)[0m  COMMIT
  [1m[36m (0.2ms)[0m  [1mBEGIN[0m
  [1m[35mSQL (0.4ms)[0m  INSERT INTO `goal_instances` (`Milestones`, `cheer_ons`, `created_at`, `end_date`, `goal_id`, `is_complete`, `start_date`, `updated_at`, `user_id`) VALUES (NULL, 5, '2013-11-12 16:44:52', '2013-11-23', NULL, 1, '2013-11-11', '2013-11-12 16:44:52', NULL)
  [1m[36m (29.7ms)[0m  [1mCOMMIT[0m
  [1m[35m (0.1ms)[0m  BEGIN
  [1m[36mSQL (0.3ms)[0m  [1mINSERT INTO `goal_instances` (`Milestones`, `cheer_ons`, `created_at`, `end_date`, `goal_id`, `is_complete`, `start_date`, `updated_at`, `user_id`) VALUES (NULL, 14, '2013-11-12 16:44:52', '2013-11-19', NULL, 0, '2013-10-26', '2013-11-12 16:44:52', NULL)[0m
  [1m[35m (30.8ms)[0m  COMMIT
  [1m[36m (0.1ms)[0m  [1mBEGIN[0m
  [1m[35mSQL (0.3ms)[0m  INSERT INTO `goal_instances` (`Milestones`, `cheer_ons`, `created_at`, `end_date`, `goal_id`, `is_complete`, `start_date`, `updated_at`, `user_id`) VALUES (NULL, 3, '2013-11-12 16:44:52', '2013-11-13', NULL, 1, '2013-10-22', '2013-11-12 16:44:52', NULL)
  [1m[36m (31.4ms)[0m  [1mCOMMIT[0m
  [1m[35m (0.2ms)[0m  BEGIN
  [1m[36mSQL (0.4ms)[0m  [1mINSERT INTO `goal_instances` (`Milestones`, `cheer_ons`, `created_at`, `end_date`, `goal_id`, `is_complete`, `start_date`, `updated_at`, `user_id`) VALUES (NULL, 2, '2013-11-12 16:44:52', '2013-11-11', NULL, 0, '2013-11-04', '2013-11-12 16:44:52', NULL)[0m
  [1m[35m (31.2ms)[0m  COMMIT
  [1m[36m (0.2ms)[0m  [1mBEGIN[0m
  [1m[35mSQL (0.4ms)[0m  INSERT INTO `goal_instances` (`Milestones`, `cheer_ons`, `created_at`, `end_date`, `goal_id`, `is_complete`, `start_date`, `updated_at`, `user_id`) VALUES (NULL, 12, '2013-11-12 16:44:52', '2013-11-08', NULL, 0, '2013-10-29', '2013-11-12 16:44:52', NULL)
  [1m[36m (29.8ms)[0m  [1mCOMMIT[0m
  [1m[35m (0.2ms)[0m  BEGIN
  [1m[36mSQL (0.4ms)[0m  [1mINSERT INTO `goal_instances` (`Milestones`, `cheer_ons`, `created_at`, `end_date`, `goal_id`, `is_complete`, `start_date`, `updated_at`, `user_id`) VALUES (NULL, 3, '2013-11-12 16:44:52', '2013-11-28', NULL, 1, '2013-11-10', '2013-11-12 16:44:52', NULL)[0m
  [1m[35m (29.8ms)[0m  COMMIT
  [1m[36m (0.1ms)[0m  [1mBEGIN[0m
  [1m[35mSQL (0.3ms)[0m  INSERT INTO `goal_instances` (`Milestones`, `cheer_ons`, `created_at`, `end_date`, `goal_id`, `is_complete`, `start_date`, `updated_at`, `user_id`) VALUES (NULL, 5, '2013-11-12 16:44:52', '2013-11-26', NULL, 0, '2013-10-31', '2013-11-12 16:44:52', NULL)
  [1m[36m (31.3ms)[0m  [1mCOMMIT[0m
  [1m[35m (0.1ms)[0m  BEGIN
  [1m[36mSQL (0.3ms)[0m  [1mINSERT INTO `goal_instances` (`Milestones`, `cheer_ons`, `created_at`, `end_date`, `goal_id`, `is_complete`, `start_date`, `updated_at`, `user_id`) VALUES (NULL, 2, '2013-11-12 16:44:53', '2013-10-30', NULL, 0, '2013-10-19', '2013-11-12 16:44:53', NULL)[0m
  [1m[35m (31.5ms)[0m  COMMIT
  [1m[36m (0.1ms)[0m  [1mBEGIN[0m
  [1m[35mSQL (0.3ms)[0m  INSERT INTO `goal_instances` (`Milestones`, `cheer_ons`, `created_at`, `end_date`, `goal_id`, `is_complete`, `start_date`, `updated_at`, `user_id`) VALUES (NULL, 11, '2013-11-12 16:44:53', '2013-10-16', NULL, 0, '2013-10-16', '2013-11-12 16:44:53', NULL)
  [1m[36m (31.4ms)[0m  [1mCOMMIT[0m
  [1m[35m (0.1ms)[0m  BEGIN
  [1m[36mSQL (0.3ms)[0m  [1mINSERT INTO `goal_instances` (`Milestones`, `cheer_ons`, `created_at`, `end_date`, `goal_id`, `is_complete`, `start_date`, `updated_at`, `user_id`) VALUES (NULL, 14, '2013-11-12 16:44:53', '2013-10-27', NULL, 1, '2013-10-16', '2013-11-12 16:44:53', NULL)[0m
  [1m[35m (31.3ms)[0m  COMMIT
  [1m[36m (0.1ms)[0m  [1mBEGIN[0m
  [1m[35mSQL (0.3ms)[0m  INSERT INTO `goal_instances` (`Milestones`, `cheer_ons`, `created_at`, `end_date`, `goal_id`, `is_complete`, `start_date`, `updated_at`, `user_id`) VALUES (NULL, 14, '2013-11-12 16:44:53', '2013-11-02', NULL, 0, '2013-10-23', '2013-11-12 16:44:53', NULL)
  [1m[36m (31.4ms)[0m  [1mCOMMIT[0m
  [1m[35m (0.1ms)[0m  BEGIN
  [1m[36mSQL (0.3ms)[0m  [1mINSERT INTO `goal_instances` (`Milestones`, `cheer_ons`, `created_at`, `end_date`, `goal_id`, `is_complete`, `start_date`, `updated_at`, `user_id`) VALUES (NULL, 12, '2013-11-12 16:44:53', '2013-11-01', NULL, 1, '2013-10-30', '2013-11-12 16:44:53', NULL)[0m
  [1m[35m (31.5ms)[0m  COMMIT
  [1m[36m (0.1ms)[0m  [1mBEGIN[0m
  [1m[35mSQL (0.3ms)[0m  INSERT INTO `goal_instances` (`Milestones`, `cheer_ons`, `created_at`, `end_date`, `goal_id`, `is_complete`, `start_date`, `updated_at`, `user_id`) VALUES (NULL, 12, '2013-11-12 16:44:53', '2013-11-04', NULL, 1, '2013-10-17', '2013-11-12 16:44:53', NULL)
  [1m[36m (42.5ms)[0m  [1mCOMMIT[0m
  [1m[35m (0.1ms)[0m  BEGIN
  [1m[36mSQL (0.3ms)[0m  [1mINSERT INTO `goal_instances` (`Milestones`, `cheer_ons`, `created_at`, `end_date`, `goal_id`, `is_complete`, `start_date`, `updated_at`, `user_id`) VALUES (NULL, 9, '2013-11-12 16:44:53', '2013-11-05', NULL, 1, '2013-10-14', '2013-11-12 16:44:53', NULL)[0m
  [1m[35m (42.6ms)[0m  COMMIT
  [1m[36m (0.1ms)[0m  [1mBEGIN[0m
  [1m[35mSQL (0.3ms)[0m  INSERT INTO `goal_instances` (`Milestones`, `cheer_ons`, `created_at`, `end_date`, `goal_id`, `is_complete`, `start_date`, `updated_at`, `user_id`) VALUES (NULL, 11, '2013-11-12 16:44:53', '2013-11-23', NULL, 0, '2013-10-26', '2013-11-12 16:44:53', NULL)
  [1m[36m (42.6ms)[0m  [1mCOMMIT[0m
  [1m[35m (0.1ms)[0m  BEGIN
  [1m[36mSQL (0.3ms)[0m  [1mINSERT INTO `goal_instances` (`Milestones`, `cheer_ons`, `created_at`, `end_date`, `goal_id`, `is_complete`, `start_date`, `updated_at`, `user_id`) VALUES (NULL, 4, '2013-11-12 16:44:53', '2013-12-01', NULL, 1, '2013-11-09', '2013-11-12 16:44:53', NULL)[0m
  [1m[35m (42.7ms)[0m  COMMIT
  [1m[36m (0.1ms)[0m  [1mBEGIN[0m
  [1m[35mSQL (0.3ms)[0m  INSERT INTO `goal_instances` (`Milestones`, `cheer_ons`, `created_at`, `end_date`, `goal_id`, `is_complete`, `start_date`, `updated_at`, `user_id`) VALUES (NULL, 2, '2013-11-12 16:44:53', '2013-11-27', NULL, 1, '2013-11-11', '2013-11-12 16:44:53', NULL)
  [1m[36m (42.6ms)[0m  [1mCOMMIT[0m
  [1m[35m (0.1ms)[0m  BEGIN
  [1m[36mSQL (0.3ms)[0m  [1mINSERT INTO `goal_instances` (`Milestones`, `cheer_ons`, `created_at`, `end_date`, `goal_id`, `is_complete`, `start_date`, `updated_at`, `user_id`) VALUES (NULL, 10, '2013-11-12 16:44:53', '2013-10-31', NULL, 1, '2013-10-18', '2013-11-12 16:44:53', NULL)[0m
  [1m[35m (42.3ms)[0m  COMMIT
  [1m[36m (0.2ms)[0m  [1mBEGIN[0m
  [1m[35mSQL (0.4ms)[0m  INSERT INTO `goal_instances` (`Milestones`, `cheer_ons`, `created_at`, `end_date`, `goal_id`, `is_complete`, `start_date`, `updated_at`, `user_id`) VALUES (NULL, 5, '2013-11-12 16:44:53', '2013-11-12', NULL, 1, '2013-10-21', '2013-11-12 16:44:53', NULL)
  [1m[36m (40.9ms)[0m  [1mCOMMIT[0m
  [1m[35m (0.2ms)[0m  BEGIN
  [1m[36mSQL (0.4ms)[0m  [1mINSERT INTO `goal_instances` (`Milestones`, `cheer_ons`, `created_at`, `end_date`, `goal_id`, `is_complete`, `start_date`, `updated_at`, `user_id`) VALUES (NULL, 8, '2013-11-12 16:44:53', '2013-11-12', NULL, 1, '2013-10-27', '2013-11-12 16:44:53', NULL)[0m
  [1m[35m (41.1ms)[0m  COMMIT
  [1m[36m (0.2ms)[0m  [1mBEGIN[0m
  [1m[35mSQL (0.4ms)[0m  INSERT INTO `goal_instances` (`Milestones`, `cheer_ons`, `created_at`, `end_date`, `goal_id`, `is_complete`, `start_date`, `updated_at`, `user_id`) VALUES (NULL, 8, '2013-11-12 16:44:53', '2013-10-27', NULL, 1, '2013-10-27', '2013-11-12 16:44:53', NULL)
  [1m[36m (40.7ms)[0m  [1mCOMMIT[0m


Started GET "/milstones" for 127.0.0.1 at 2013-11-12 08:46:34 -0800
Connecting to database specified by database.yml
Processing by MilstonesController#index as HTML
  [1m[36mMilstone Load (0.2ms)[0m  [1mSELECT `milstones`.* FROM `milstones` [0m
  Rendered milstones/index.html.erb within layouts/application (9.3ms)
Completed 200 OK in 145ms (Views: 126.7ms | ActiveRecord: 1.6ms)


Started GET "/assets/holder.js" for 127.0.0.1 at 2013-11-12 08:46:35 -0800
Served asset /holder.js - 304 Not Modified (14ms)


Started GET "/assets/comments.css?body=1" for 127.0.0.1 at 2013-11-12 08:46:35 -0800
Served asset /comments.css - 304 Not Modified (7ms)


Started GET "/assets/friends.css?body=1" for 127.0.0.1 at 2013-11-12 08:46:35 -0800
Served asset /friends.css - 304 Not Modified (10ms)


Started GET "/assets/goal_instances.css?body=1" for 127.0.0.1 at 2013-11-12 08:46:35 -0800
Served asset /goal_instances.css - 304 Not Modified (2ms)


Started GET "/assets/goals.css?body=1" for 127.0.0.1 at 2013-11-12 08:46:35 -0800
Served asset /goals.css - 304 Not Modified (11ms)


Started GET "/assets/login.css?body=1" for 127.0.0.1 at 2013-11-12 08:46:35 -0800
Served asset /login.css - 304 Not Modified (5ms)


Started GET "/assets/milstones.css?body=1" for 127.0.0.1 at 2013-11-12 08:46:35 -0800
Served asset /milstones.css - 304 Not Modified (3ms)


Started GET "/assets/scaffolds.css?body=1" for 127.0.0.1 at 2013-11-12 08:46:35 -0800
Served asset /scaffolds.css - 304 Not Modified (9ms)


Started GET "/assets/users.css?body=1" for 127.0.0.1 at 2013-11-12 08:46:35 -0800
Served asset /users.css - 304 Not Modified (5ms)


Started POST "/chart_images" for 127.0.0.1 at 2013-11-12 14:00:48 -0800

ActionController::RoutingError (No route matches [POST] "/chart_images"):
  actionpack (3.2.14) lib/action_dispatch/middleware/debug_exceptions.rb:21:in `call'
  actionpack (3.2.14) lib/action_dispatch/middleware/show_exceptions.rb:56:in `call'
  railties (3.2.14) lib/rails/rack/logger.rb:32:in `call_app'
  railties (3.2.14) lib/rails/rack/logger.rb:16:in `block in call'
  activesupport (3.2.14) lib/active_support/tagged_logging.rb:22:in `tagged'
  railties (3.2.14) lib/rails/rack/logger.rb:16:in `call'
  actionpack (3.2.14) lib/action_dispatch/middleware/request_id.rb:22:in `call'
  rack (1.4.5) lib/rack/methodoverride.rb:21:in `call'
  rack (1.4.5) lib/rack/runtime.rb:17:in `call'
  activesupport (3.2.14) lib/active_support/cache/strategy/local_cache.rb:72:in `call'
  rack (1.4.5) lib/rack/lock.rb:15:in `call'
  actionpack (3.2.14) lib/action_dispatch/middleware/static.rb:63:in `call'
  railties (3.2.14) lib/rails/engine.rb:484:in `call'
  railties (3.2.14) lib/rails/application.rb:231:in `call'
  rack (1.4.5) lib/rack/content_length.rb:14:in `call'
  railties (3.2.14) lib/rails/rack/log_tailer.rb:17:in `call'
  rack (1.4.5) lib/rack/handler/webrick.rb:59:in `service'
  /usr/lib/ruby/1.9.1/webrick/httpserver.rb:138:in `service'
  /usr/lib/ruby/1.9.1/webrick/httpserver.rb:94:in `run'
  /usr/lib/ruby/1.9.1/webrick/server.rb:191:in `block in start_thread'


  Rendered /usr/lib/ruby/gems/1.9.1/gems/actionpack-3.2.14/lib/action_dispatch/middleware/templates/rescues/routing_error.erb within rescues/layout (2.1ms)
